{"numTotalTestSuites":342,"numPassedTestSuites":342,"numFailedTestSuites":0,"numPendingTestSuites":0,"numTotalTests":1194,"numPassedTests":1194,"numFailedTests":0,"numPendingTests":0,"numTodoTests":0,"snapshot":{"added":0,"failure":false,"filesAdded":0,"filesRemoved":0,"filesRemovedList":[],"filesUnmatched":0,"filesUpdated":0,"matched":0,"total":0,"unchecked":0,"uncheckedKeysByFile":[],"unmatched":0,"updated":0,"didUpdate":false},"startTime":1782297394933,"success":true,"testResults":[{"assertionResults":[{"ancestorTitles":["Agent Audit System","auditAllAgents"],"fullName":"Agent Audit System auditAllAgents audits all 16 registered agents","status":"passed","title":"audits all 16 registered agents","duration":8.895399999999881,"failureMessages":[],"meta":{},"tags":[]},{"ancestorTitles":["Agent Audit System","auditAllAgents"],"fullName":"Agent Audit System auditAllAgents returns correct summary counts","status":"passed","title":"returns correct summary counts","duration":0.9421999999999571,"failureMessages":[],"meta":{},"tags":[]},{"ancestorTitles":["Agent Audit System","auditAllAgents"],"fullName":"Agent Audit System auditAllAgents every agent has required audit fields","status":"passed","title":"every agent has required audit fields","duration":14.887500000000045,"failureMessages":[],"meta":{},"tags":[]},{"ancestorTitles":["Agent Audit System","auditAllAgents"],"fullName":"Agent Audit System auditAllAgents agents with callable + registered providers are at least PARTIAL","status":"passed","title":"agents with callable + registered providers are at least PARTIAL","duration":0.6427999999998519,"failureMessages":[],"meta":{},"tags":[]},{"ancestorTitles":["Agent Audit System","auditAllAgents"],"fullName":"Agent Audit System auditAllAgents agents with uncallable providers are NOT_CONNECTED","status":"passed","title":"agents with uncallable providers are NOT_CONNECTED","duration":0.7287999999998647,"failureMessages":[],"meta":{},"tags":[]},{"ancestorTitles":["Agent Audit System","auditAllAgents"],"fullName":"Agent Audit System auditAllAgents READY agents have zero diagnostic reasons","status":"passed","title":"READY agents have zero diagnostic reasons","duration":0.6397999999999229,"failureMessages":[],"meta":{},"tags":[]},{"ancestorTitles":["Agent Audit System","auditAllAgents"],"fullName":"Agent Audit System auditAllAgents non-READY agents have at least one diagnostic reason","status":"passed","title":"non-READY agents have at least one diagnostic reason","duration":3.024400000000014,"failureMessages":[],"meta":{},"tags":[]},{"ancestorTitles":["Agent Audit System","auditAllAgents"],"fullName":"Agent Audit System auditAllAgents includes auditedAt timestamp in summary","status":"passed","title":"includes auditedAt timestamp in summary","duration":1.172399999999925,"failureMessages":[],"meta":{},"tags":[]},{"ancestorTitles":["Agent Audit System","getAgentReadiness"],"fullName":"Agent Audit System getAgentReadiness returns audit entry for known agent type","status":"passed","title":"returns audit entry for known agent type","duration":4.509299999999939,"failureMessages":[],"meta":{},"tags":[]},{"ancestorTitles":["Agent Audit System","getAgentReadiness"],"fullName":"Agent Audit System getAgentReadiness returns null for unknown agent type","status":"passed","title":"returns null for unknown agent type","duration":1.0943999999999505,"failureMessages":[],"meta":{},"tags":[]},{"ancestorTitles":["Agent Audit System","getAgentReadiness"],"fullName":"Agent Audit System getAgentReadiness planner agent uses openai (callable) provider","status":"passed","title":"planner agent uses openai (callable) provider","duration":0.5651000000000295,"failureMessages":[],"meta":{},"tags":[]},{"ancestorTitles":["Agent Audit System","getAgentReadiness"],"fullName":"Agent Audit System getAgentReadiness retrieval agent uses openai (callable) provider","status":"passed","title":"retrieval agent uses openai (callable) provider","duration":0.5150000000001,"failureMessages":[],"meta":{},"tags":[]},{"ancestorTitles":["Agent Audit System","getAgentReadiness"],"fullName":"Agent Audit System getAgentReadiness creative agent uses gemini (callable) provider","status":"passed","title":"creative agent uses gemini (callable) provider","duration":0.427599999999984,"failureMessages":[],"meta":{},"tags":[]},{"ancestorTitles":["Agent Audit System","getAgentReadiness"],"fullName":"Agent Audit System getAgentReadiness security agent is openai-based (callable)","status":"passed","title":"security agent is openai-based (callable)","duration":0.6637000000000626,"failureMessages":[],"meta":{},"tags":[]},{"ancestorTitles":["Agent Audit System","getAgentReadiness"],"fullName":"Agent Audit System getAgentReadiness travel_planner agent uses gemini (callable)","status":"passed","title":"travel_planner agent uses gemini (callable)","duration":0.5390999999999622,"failureMessages":[],"meta":{},"tags":[]},{"ancestorTitles":["Agent Audit System","specific agent classifications"],"fullName":"Agent Audit System specific agent classifications classifies openai-based agents correctly","status":"passed","title":"classifies openai-based agents correctly","duration":3.0419999999999163,"failureMessages":[],"meta":{},"tags":[]},{"ancestorTitles":["Agent Audit System","specific agent classifications"],"fullName":"Agent Audit System specific agent classifications agents with handoff targets reference valid agents","status":"passed","title":"agents with handoff targets reference valid agents","duration":1.8146999999999025,"failureMessages":[],"meta":{},"tags":[]},{"ancestorTitles":["Adult Mode Enforcement","safety config management"],"fullName":"Adult Mode Enforcement safety config management defaults to safe mode ON, adult mode OFF","status":"passed","title":"defaults to safe mode ON, adult mode OFF","duration":9.22569999999996,"failureMessages":[],"meta":{},"tags":[]},{"ancestorTitles":["Adult Mode Enforcement","safety config management"],"fullName":"Adult Mode Enforcement safety config management can disable safe mode","status":"passed","title":"can disable safe mode","duration":2.344100000000026,"failureMessages":[],"meta":{},"tags":[]},{"ancestorTitles":["Adult Mode Enforcement","safety config management"],"fullName":"Adult Mode Enforcement safety config management can enable adult mode when safe mode is off","status":"passed","title":"can enable adult mode when safe mode is off","duration":2.0907999999999447,"failureMessages":[],"meta":{},"tags":[]},{"ancestorTitles":["Adult Mode Enforcement","safety config management"],"fullName":"Adult Mode Enforcement safety config management adult mode is automatically disabled when safe mode is on","status":"passed","title":"adult mode is automatically disabled when safe mode is on","duration":1.4298999999998614,"failureMessages":[],"meta":{},"tags":[]},{"ancestorTitles":["Adult Mode Enforcement","safety config management"],"fullName":"Adult Mode Enforcement safety config management per-app configs are isolated","status":"passed","title":"per-app configs are isolated","duration":3.370300000000043,"failureMessages":[],"meta":{},"tags":[]},{"ancestorTitles":["Adult Mode Enforcement","capability engine enforcement"],"fullName":"Adult Mode Enforcement capability engine enforcement adult_18plus_image backend route NOW EXISTS (/api/brain/adult-image)","status":"passed","title":"adult_18plus_image backend route NOW EXISTS (/api/brain/adult-image)","duration":0.8954999999998563,"failureMessages":[],"meta":{},"tags":[]},{"ancestorTitles":["Adult Mode Enforcement","capability engine enforcement"],"fullName":"Adult Mode Enforcement capability engine enforcement blocks adult capability without adultMode flag (adult mode guard fires)","status":"passed","title":"blocks adult capability without adultMode flag (adult mode guard fires)","duration":2.1621000000000095,"failureMessages":[],"meta":{},"tags":[]},{"ancestorTitles":["Adult Mode Enforcement","capability engine enforcement"],"fullName":"Adult Mode Enforcement capability engine enforcement blocks adult capability without adultMode flag","status":"passed","title":"blocks adult capability without adultMode flag","duration":0.7028999999999996,"failureMessages":[],"meta":{},"tags":[]},{"ancestorTitles":["Adult Mode Enforcement","capability engine enforcement"],"fullName":"Adult Mode Enforcement capability engine enforcement blocks adult capability without explicit adultMode (undefined)","status":"passed","title":"blocks adult capability without explicit adultMode (undefined)","duration":0.7576999999998861,"failureMessages":[],"meta":{},"tags":[]},{"ancestorTitles":["Adult Mode Enforcement","capability engine enforcement"],"fullName":"Adult Mode Enforcement capability engine enforcement non-adult capabilities are not affected by adultMode flag","status":"passed","title":"non-adult capabilities are not affected by adultMode flag","duration":0.9574000000000069,"failureMessages":[],"meta":{},"tags":[]}],"startTime":1782297403649,"endTime":1782297403720.9575,"status":"passed","message":"","name":"C:/amarktai-agent/Amarktai-Network-2/src/lib/__tests__/adult-agent-audit.test.ts"},{"assertionResults":[{"ancestorTitles":["Adult Capability Backend Route"],"fullName":"Adult Capability Backend Route adult_18plus_image HAS a backend route (/api/brain/adult-image)","status":"passed","title":"adult_18plus_image HAS a backend route (/api/brain/adult-image)","duration":6.1573000000000775,"failureMessages":[],"meta":{},"tags":[]},{"ancestorTitles":["Adult Capability Backend Route"],"fullName":"Adult Capability Backend Route adult_18plus_image is in CAPABILITY_MAP","status":"passed","title":"adult_18plus_image is in CAPABILITY_MAP","duration":1.7846999999999298,"failureMessages":[],"meta":{},"tags":[]},{"ancestorTitles":["Adult Capability Backend Route"],"fullName":"Adult Capability Backend Route adult_18plus_image shows routeExists=true in detailed status","status":"passed","title":"adult_18plus_image shows routeExists=true in detailed status","duration":4.831600000000208,"failureMessages":[],"meta":{},"tags":[]},{"ancestorTitles":["Adult Capability Backend Route"],"fullName":"Adult Capability Backend Route adult capability is blocked without adultMode flag","status":"passed","title":"adult capability is blocked without adultMode flag","duration":0.818599999999833,"failureMessages":[],"meta":{},"tags":[]},{"ancestorTitles":["Adult Capability Backend Route"],"fullName":"Adult Capability Backend Route adult capability is blocked when adultMode is undefined","status":"passed","title":"adult capability is blocked when adultMode is undefined","duration":0.6518000000000939,"failureMessages":[],"meta":{},"tags":[]},{"ancestorTitles":["Adult Capability Backend Route"],"fullName":"Adult Capability Backend Route adult capability resolves (available=true) when adultMode=true and provider exists","status":"passed","title":"adult capability resolves (available=true) when adultMode=true and provider exists","duration":1.638400000000047,"failureMessages":[],"meta":{},"tags":[]},{"ancestorTitles":["Adult Mode Hidden By Default"],"fullName":"Adult Mode Hidden By Default new apps default to safeMode=true, adultMode=false","status":"passed","title":"new apps default to safeMode=true, adultMode=false","duration":1.387000000000171,"failureMessages":[],"meta":{},"tags":[]},{"ancestorTitles":["Adult Mode Hidden By Default"],"fullName":"Adult Mode Hidden By Default adultMode cannot be enabled while safeMode is on","status":"passed","title":"adultMode cannot be enabled while safeMode is on","duration":8.226699999999937,"failureMessages":[],"meta":{},"tags":[]},{"ancestorTitles":["Adult Mode Hidden By Default"],"fullName":"Adult Mode Hidden By Default adultMode requires explicit safeMode=false first","status":"passed","title":"adultMode requires explicit safeMode=false first","duration":2.538099999999986,"failureMessages":[],"meta":{},"tags":[]},{"ancestorTitles":["Adult Mode Per-App Isolation"],"fullName":"Adult Mode Per-App Isolation enabling adult mode on one app does not affect another","status":"passed","title":"enabling adult mode on one app does not affect another","duration":3.644800000000032,"failureMessages":[],"meta":{},"tags":[]},{"ancestorTitles":["Adult Mode Per-App Isolation"],"fullName":"Adult Mode Per-App Isolation disabling safe mode on one app does not affect another","status":"passed","title":"disabling safe mode on one app does not affect another","duration":3.4682000000000244,"failureMessages":[],"meta":{},"tags":[]},{"ancestorTitles":["Always-Blocked Categories"],"fullName":"Always-Blocked Categories CSAM is detected by keyword scanner","status":"passed","title":"CSAM is detected by keyword scanner","duration":13.373199999999997,"failureMessages":[],"meta":{},"tags":[]},{"ancestorTitles":["Always-Blocked Categories"],"fullName":"Always-Blocked Categories non-consensual content is detected","status":"passed","title":"non-consensual content is detected","duration":8.703399999999874,"failureMessages":[],"meta":{},"tags":[]},{"ancestorTitles":["Always-Blocked Categories"],"fullName":"Always-Blocked Categories violence/weapons instructions are detected","status":"passed","title":"violence/weapons instructions are detected","duration":2.5498000000000047,"failureMessages":[],"meta":{},"tags":[]},{"ancestorTitles":["Always-Blocked Categories"],"fullName":"Always-Blocked Categories self-harm content is detected","status":"passed","title":"self-harm content is detected","duration":0.6510000000000673,"failureMessages":[],"meta":{},"tags":[]},{"ancestorTitles":["Always-Blocked Categories"],"fullName":"Always-Blocked Categories hate speech is detected","status":"passed","title":"hate speech is detected","duration":0.7327999999999975,"failureMessages":[],"meta":{},"tags":[]},{"ancestorTitles":["Always-Blocked Categories"],"fullName":"Always-Blocked Categories terrorism/extremism is detected","status":"passed","title":"terrorism/extremism is detected","duration":0.7743000000000393,"failureMessages":[],"meta":{},"tags":[]},{"ancestorTitles":["Always-Blocked Categories"],"fullName":"Always-Blocked Categories radicalization content is detected","status":"passed","title":"radicalization content is detected","duration":0.6011000000000877,"failureMessages":[],"meta":{},"tags":[]},{"ancestorTitles":["Always-Blocked Categories"],"fullName":"Always-Blocked Categories safe content is not flagged","status":"passed","title":"safe content is not flagged","duration":1.1977999999999156,"failureMessages":[],"meta":{},"tags":[]},{"ancestorTitles":["Blocked Explanation Coverage"],"fullName":"Blocked Explanation Coverage every FlagCategory has a user-friendly explanation","status":"passed","title":"every FlagCategory has a user-friendly explanation","duration":1.213899999999967,"failureMessages":[],"meta":{},"tags":[]},{"ancestorTitles":["Blocked Explanation Coverage"],"fullName":"Blocked Explanation Coverage terrorism explanation mentions terrorism/extremism","status":"passed","title":"terrorism explanation mentions terrorism/extremism","duration":0.2898000000000138,"failureMessages":[],"meta":{},"tags":[]},{"ancestorTitles":["Blocked Explanation Coverage"],"fullName":"Blocked Explanation Coverage CSAM explanation mentions minors","status":"passed","title":"CSAM explanation mentions minors","duration":0.24539999999979045,"failureMessages":[],"meta":{},"tags":[]},{"ancestorTitles":["Adult Content Classification"],"fullName":"Adult Content Classification classifies \"adult\" keyword as adult_18plus_image","status":"passed","title":"classifies \"adult\" keyword as adult_18plus_image","duration":4.340099999999893,"failureMessages":[],"meta":{},"tags":[]},{"ancestorTitles":["Adult Content Classification"],"fullName":"Adult Content Classification classifies \"nsfw\" as adult_18plus_image","status":"passed","title":"classifies \"nsfw\" as adult_18plus_image","duration":3.6806000000001404,"failureMessages":[],"meta":{},"tags":[]},{"ancestorTitles":["Adult Content Classification"],"fullName":"Adult Content Classification classifies \"18+\" as adult_18plus_image","status":"passed","title":"classifies \"18+\" as adult_18plus_image","duration":0.6964000000000397,"failureMessages":[],"meta":{},"tags":[]},{"ancestorTitles":["Adult Content Classification"],"fullName":"Adult Content Classification classifies \"explicit\" as adult_18plus_image","status":"passed","title":"classifies \"explicit\" as adult_18plus_image","duration":0.6724000000001524,"failureMessages":[],"meta":{},"tags":[]},{"ancestorTitles":["Adult Content Classification"],"fullName":"Adult Content Classification does NOT classify normal requests as adult","status":"passed","title":"does NOT classify normal requests as adult","duration":0.7255000000000109,"failureMessages":[],"meta":{},"tags":[]},{"ancestorTitles":["HF Fallback Has Adult Models"],"fullName":"HF Fallback Has Adult Models HF_FALLBACK_MODELS includes adult_18plus_image models","status":"passed","title":"HF_FALLBACK_MODELS includes adult_18plus_image models","duration":0.42399999999997817,"failureMessages":[],"meta":{},"tags":[]},{"ancestorTitles":["HF Fallback Has Adult Models"],"fullName":"HF Fallback Has Adult Models getHfFallback for adult returns models list from catalog (provider state independent)","status":"passed","title":"getHfFallback for adult returns models list from catalog (provider state independent)","duration":0.4351000000001477,"failureMessages":[],"meta":{},"tags":[]},{"ancestorTitles":["HF Fallback Has Adult Models"],"fullName":"HF Fallback Has Adult Models HF adult models include RealVisXL","status":"passed","title":"HF adult models include RealVisXL","duration":0.9949999999998909,"failureMessages":[],"meta":{},"tags":[]},{"ancestorTitles":["Adult Mode Does Not Affect Non-Adult Capabilities"],"fullName":"Adult Mode Does Not Affect Non-Adult Capabilities general_chat is not blocked by adultMode=false","status":"passed","title":"general_chat is not blocked by adultMode=false","duration":0.4698000000000775,"failureMessages":[],"meta":{},"tags":[]},{"ancestorTitles":["Adult Mode Does Not Affect Non-Adult Capabilities"],"fullName":"Adult Mode Does Not Affect Non-Adult Capabilities image_generation is not blocked by adultMode=false","status":"passed","title":"image_generation is not blocked by adultMode=false","duration":0.4175999999999931,"failureMessages":[],"meta":{},"tags":[]},{"ancestorTitles":["Adult Blocker Messaging"],"fullName":"Adult Blocker Messaging adult mode requirement message fires when adultMode=false","status":"passed","title":"adult mode requirement message fires when adultMode=false","duration":0.4795999999998912,"failureMessages":[],"meta":{},"tags":[]},{"ancestorTitles":["Adult Blocker Messaging"],"fullName":"Adult Blocker Messaging adult mode requirement message fires when adultMode=undefined","status":"passed","title":"adult mode requirement message fires when adultMode=undefined","duration":0.4194999999999709,"failureMessages":[],"meta":{},"tags":[]},{"ancestorTitles":["Adult Blocker Messaging"],"fullName":"Adult Blocker Messaging no backend-route-missing message appears for adult_18plus_image","status":"passed","title":"no backend-route-missing message appears for adult_18plus_image","duration":1.5561999999999898,"failureMessages":[],"meta":{},"tags":[]}],"startTime":1782297402821,"endTime":1782297402906.5562,"status":"passed","message":"","name":"C:/amarktai-agent/Amarktai-Network-2/src/lib/__tests__/adult-capability.test.ts"},{"assertionResults":[{"ancestorTitles":["adult and media capability routing"],"fullName":"adult and media capability routing routes adult_text to a real text provider route","status":"passed","title":"routes adult_text to a real text provider route","duration":6.836699999999837,"failureMessages":[],"meta":{},"tags":[]},{"ancestorTitles":["adult and media capability routing"],"fullName":"adult and media capability routing routes adult_image to image generation","status":"passed","title":"routes adult_image to image generation","duration":1.289900000000216,"failureMessages":[],"meta":{},"tags":[]},{"ancestorTitles":["adult and media capability routing"],"fullName":"adult and media capability routing routes adult_video only to real video executors","status":"passed","title":"routes adult_video only to real video executors","duration":5.000400000000127,"failureMessages":[],"meta":{},"tags":[]},{"ancestorTitles":["adult and media capability routing"],"fullName":"adult and media capability routing routes adult_voice through audio/TTS executors","status":"passed","title":"routes adult_voice through audio/TTS executors","duration":1.009800000000041,"failureMessages":[],"meta":{},"tags":[]},{"ancestorTitles":["adult and media capability routing"],"fullName":"adult and media capability routing blocks adult capabilities when policy is disabled","status":"passed","title":"blocks adult capabilities when policy is disabled","duration":1.3903999999999996,"failureMessages":[],"meta":{},"tags":[]},{"ancestorTitles":["adult and media capability routing"],"fullName":"adult and media capability routing returns a clear provider error for providers outside the mesh","status":"passed","title":"returns a clear provider error for providers outside the mesh","duration":0.9101999999998043,"failureMessages":[],"meta":{},"tags":[]},{"ancestorTitles":["adult and media capability routing"],"fullName":"adult and media capability routing declares every required capability as first class","status":"passed","title":"declares every required capability as first class","duration":1.1843999999998687,"failureMessages":[],"meta":{},"tags":[]}],"startTime":1782297407234,"endTime":1782297407252.1843,"status":"passed","message":"","name":"C:/amarktai-agent/Amarktai-Network-2/src/lib/__tests__/adult-media-routing.test.ts"},{"assertionResults":[{"ancestorTitles":["adult-model-catalog"],"fullName":"adult-model-catalog catalogs DavidAU adult creative text models separately from image/video models","status":"passed","title":"catalogs DavidAU adult creative text models separately from image/video models","duration":5.558100000000081,"failureMessages":[],"meta":{},"tags":[]},{"ancestorTitles":["adult-model-catalog"],"fullName":"adult-model-catalog has a deterministic preferred default model","status":"passed","title":"has a deterministic preferred default model","duration":2.6023999999999887,"failureMessages":[],"meta":{},"tags":[]},{"ancestorTitles":["adult-model-catalog"],"fullName":"adult-model-catalog catalogs Hugging Face NSFW search image models separately from text models","status":"passed","title":"catalogs Hugging Face NSFW search image models separately from text models","duration":3.2245000000000346,"failureMessages":[],"meta":{},"tags":[]},{"ancestorTitles":["adult-model-catalog"],"fullName":"adult-model-catalog keeps adult video candidates experimental until a specialist endpoint exists","status":"passed","title":"keeps adult video candidates experimental until a specialist endpoint exists","duration":0.913599999999974,"failureMessages":[],"meta":{},"tags":[]}],"startTime":1782297406135,"endTime":1782297406147.9136,"status":"passed","message":"","name":"C:/amarktai-agent/Amarktai-Network-2/src/lib/__tests__/adult-model-catalog.test.ts"},{"assertionResults":[{"ancestorTitles":["/api/brain/adult-text"],"fullName":"/api/brain/adult-text refuses degrading prompts before provider execution","status":"passed","title":"refuses degrading prompts before provider execution","duration":678.6545000000001,"failureMessages":[],"meta":{},"tags":[]},{"ancestorTitles":["/api/brain/adult-text"],"fullName":"/api/brain/adult-text requires an endpoint for cataloged Hugging Face GGUF adult text models","status":"passed","title":"requires an endpoint for cataloged Hugging Face GGUF adult text models","duration":10.26279999999997,"failureMessages":[],"meta":{},"tags":[]},{"ancestorTitles":["/api/brain/adult-text"],"fullName":"/api/brain/adult-text executes adult text through Together chat completions","status":"passed","title":"executes adult text through Together chat completions","duration":13.00669999999991,"failureMessages":[],"meta":{},"tags":[]},{"ancestorTitles":["/api/brain/adult-text"],"fullName":"/api/brain/adult-text routes adult_text capability through specialist providers without GenX fallback","status":"passed","title":"routes adult_text capability through specialist providers without GenX fallback","duration":1839.1237999999998,"failureMessages":[],"meta":{},"tags":[]}],"startTime":1782297397264,"endTime":1782297399806.1238,"status":"passed","message":"","name":"C:/amarktai-agent/Amarktai-Network-2/src/lib/__tests__/adult-text-route.test.ts"},{"assertionResults":[{"ancestorTitles":["Agent Runtime","getAgentDefinitions"],"fullName":"Agent Runtime getAgentDefinitions returns definitions for all 18 agents","status":"passed","title":"returns definitions for all 18 agents","duration":4.949000000000069,"failureMessages":[],"meta":{},"tags":[]},{"ancestorTitles":["Agent Runtime","getAgentDefinitions"],"fullName":"Agent Runtime getAgentDefinitions includes all required agent types","status":"passed","title":"includes all required agent types","duration":4.038499999999999,"failureMessages":[],"meta":{},"tags":[]},{"ancestorTitles":["Agent Runtime","getAgentDefinitions"],"fullName":"Agent Runtime getAgentDefinitions every agent has capabilities defined","status":"passed","title":"every agent has capabilities defined","duration":2.497700000000009,"failureMessages":[],"meta":{},"tags":[]},{"ancestorTitles":["Agent Runtime","getAgentDefinition"],"fullName":"Agent Runtime getAgentDefinition returns definition for specific agent type","status":"passed","title":"returns definition for specific agent type","duration":0.6748999999999796,"failureMessages":[],"meta":{},"tags":[]},{"ancestorTitles":["Agent Runtime","getAgentDefinition"],"fullName":"Agent Runtime getAgentDefinition throws for unknown type","status":"passed","title":"throws for unknown type","duration":2.1000000000000227,"failureMessages":[],"meta":{},"tags":[]},{"ancestorTitles":["Agent Runtime","createAgentTask"],"fullName":"Agent Runtime createAgentTask creates a task with generated id for permitted app","status":"passed","title":"creates a task with generated id for permitted app","duration":1.4987999999999602,"failureMessages":[],"meta":{},"tags":[]},{"ancestorTitles":["Agent Runtime","createAgentTask"],"fullName":"Agent Runtime createAgentTask throws when app lacks permission","status":"passed","title":"throws when app lacks permission","duration":1.1623999999999342,"failureMessages":[],"meta":{},"tags":[]},{"ancestorTitles":["Agent Runtime","getAgentStatus"],"fullName":"Agent Runtime getAgentStatus returns runtime status summary","status":"passed","title":"returns runtime status summary","duration":1.0153000000000247,"failureMessages":[],"meta":{},"tags":[]},{"ancestorTitles":["Agent Runtime","isAgentPermitted"],"fullName":"Agent Runtime isAgentPermitted checks permission based on app profile","status":"passed","title":"checks permission based on app profile","duration":1.467899999999986,"failureMessages":[],"meta":{},"tags":[]},{"ancestorTitles":["Agent Runtime","agent handoff rules"],"fullName":"Agent Runtime agent handoff rules planner can hand off to router","status":"passed","title":"planner can hand off to router","duration":2.0809000000000424,"failureMessages":[],"meta":{},"tags":[]},{"ancestorTitles":["Agent Runtime","agent handoff rules"],"fullName":"Agent Runtime agent handoff rules campaign can hand off to creative","status":"passed","title":"campaign can hand off to creative","duration":0.8596000000000004,"failureMessages":[],"meta":{},"tags":[]},{"ancestorTitles":["Agent Runtime","agent handoff rules"],"fullName":"Agent Runtime agent handoff rules voice agent can hand off to creative","status":"passed","title":"voice agent can hand off to creative","duration":0.650600000000054,"failureMessages":[],"meta":{},"tags":[]},{"ancestorTitles":["Agent Runtime","agent handoff rules"],"fullName":"Agent Runtime agent handoff rules developer agent can hand off to validator","status":"passed","title":"developer agent can hand off to validator","duration":0.5904999999999063,"failureMessages":[],"meta":{},"tags":[]},{"ancestorTitles":["Agent Runtime","new agent types"],"fullName":"Agent Runtime new agent types security agent has anomaly detection capability","status":"passed","title":"security agent has anomaly detection capability","duration":0.5810000000000173,"failureMessages":[],"meta":{},"tags":[]},{"ancestorTitles":["Agent Runtime","new agent types"],"fullName":"Agent Runtime new agent types voice agent has tts script generation capability","status":"passed","title":"voice agent has tts script generation capability","duration":0.6737000000000535,"failureMessages":[],"meta":{},"tags":[]},{"ancestorTitles":["Agent Runtime","new agent types"],"fullName":"Agent Runtime new agent types travel planner agent has itinerary generation capability","status":"passed","title":"travel planner agent has itinerary generation capability","duration":0.5053000000000338,"failureMessages":[],"meta":{},"tags":[]},{"ancestorTitles":["Agent Runtime","new agent types"],"fullName":"Agent Runtime new agent types developer agent has code generation capability","status":"passed","title":"developer agent has code generation capability","duration":0.49109999999996035,"failureMessages":[],"meta":{},"tags":[]},{"ancestorTitles":["Agent Runtime","new agent types"],"fullName":"Agent Runtime new agent types support_community agent has support routing capability","status":"passed","title":"support_community agent has support routing capability","duration":0.5884999999999536,"failureMessages":[],"meta":{},"tags":[]},{"ancestorTitles":["Agent Runtime","new agent types"],"fullName":"Agent Runtime new agent types healing agent has failure detection capability","status":"passed","title":"healing agent has failure detection capability","duration":0.5039999999999054,"failureMessages":[],"meta":{},"tags":[]}],"startTime":1782297404903,"endTime":1782297404932.504,"status":"passed","message":"","name":"C:/amarktai-agent/Amarktai-Network-2/src/lib/__tests__/agent-runtime.test.ts"},{"assertionResults":[{"ancestorTitles":["Coding Agent"],"fullName":"Coding Agent exports all expected functions","status":"passed","title":"exports all expected functions","duration":6.038000000000011,"failureMessages":[],"meta":{},"tags":[]},{"ancestorTitles":["Coding Agent","getProjectTypes"],"fullName":"Coding Agent getProjectTypes returns all 5 project types","status":"passed","title":"returns all 5 project types","duration":3.512000000000171,"failureMessages":[],"meta":{},"tags":[]},{"ancestorTitles":["Coding Agent","getProjectTypes"],"fullName":"Coding Agent getProjectTypes each project type has required fields","status":"passed","title":"each project type has required fields","duration":2.839200000000119,"failureMessages":[],"meta":{},"tags":[]},{"ancestorTitles":["Coding Agent","generateApp"],"fullName":"Coding Agent generateApp generates a nextjs project","status":"passed","title":"generates a nextjs project","duration":6.736599999999953,"failureMessages":[],"meta":{},"tags":[]},{"ancestorTitles":["Coding Agent","generateApp"],"fullName":"Coding Agent generateApp generates a react project","status":"passed","title":"generates a react project","duration":1.8968999999999596,"failureMessages":[],"meta":{},"tags":[]},{"ancestorTitles":["Coding Agent","generateApp"],"fullName":"Coding Agent generateApp generates a express project","status":"passed","title":"generates a express project","duration":1.6570999999999003,"failureMessages":[],"meta":{},"tags":[]},{"ancestorTitles":["Coding Agent","generateApp"],"fullName":"Coding Agent generateApp generates a flask project","status":"passed","title":"generates a flask project","duration":1.7505000000001019,"failureMessages":[],"meta":{},"tags":[]},{"ancestorTitles":["Coding Agent","generateApp"],"fullName":"Coding Agent generateApp generates a static project","status":"passed","title":"generates a static project","duration":1.6126999999999043,"failureMessages":[],"meta":{},"tags":[]},{"ancestorTitles":["Coding Agent","generateApp"],"fullName":"Coding Agent generateApp generates files with path, content, and language","status":"passed","title":"generates files with path, content, and language","duration":3.51929999999993,"failureMessages":[],"meta":{},"tags":[]},{"ancestorTitles":["Coding Agent","generateApp"],"fullName":"Coding Agent generateApp adds test files when refined with testing feedback","status":"passed","title":"adds test files when refined with testing feedback","duration":2.167399999999816,"failureMessages":[],"meta":{},"tags":[]},{"ancestorTitles":["Coding Agent","generateApp"],"fullName":"Coding Agent generateApp respects includeDocker option","status":"passed","title":"respects includeDocker option","duration":6.142800000000079,"failureMessages":[],"meta":{},"tags":[]},{"ancestorTitles":["Coding Agent","generateApp"],"fullName":"Coding Agent generateApp history event is type \"generate\"","status":"passed","title":"history event is type \"generate\"","duration":1.0144999999999982,"failureMessages":[],"meta":{},"tags":[]},{"ancestorTitles":["Coding Agent","refineApp"],"fullName":"Coding Agent refineApp refines an existing session","status":"passed","title":"refines an existing session","duration":1.202099999999973,"failureMessages":[],"meta":{},"tags":[]},{"ancestorTitles":["Coding Agent","refineApp"],"fullName":"Coding Agent refineApp refinement event has type \"refine\"","status":"passed","title":"refinement event has type \"refine\"","duration":0.7841999999998279,"failureMessages":[],"meta":{},"tags":[]},{"ancestorTitles":["Coding Agent","getSessionHistory"],"fullName":"Coding Agent getSessionHistory returns history for a valid session","status":"passed","title":"returns history for a valid session","duration":1.1604999999999563,"failureMessages":[],"meta":{},"tags":[]},{"ancestorTitles":["Coding Agent","getSessionHistory"],"fullName":"Coding Agent getSessionHistory throws for unknown session","status":"passed","title":"throws for unknown session","duration":2.093699999999899,"failureMessages":[],"meta":{},"tags":[]},{"ancestorTitles":["Coding Agent","getSession / listSessions"],"fullName":"Coding Agent getSession / listSessions getSession returns null for unknown id","status":"passed","title":"getSession returns null for unknown id","duration":0.4580999999998312,"failureMessages":[],"meta":{},"tags":[]},{"ancestorTitles":["Coding Agent","getSession / listSessions"],"fullName":"Coding Agent getSession / listSessions listSessions includes created sessions","status":"passed","title":"listSessions includes created sessions","duration":29.319200000000137,"failureMessages":[],"meta":{},"tags":[]},{"ancestorTitles":["API Route Files"],"fullName":"API Route Files batch/route.ts exists","status":"passed","title":"batch/route.ts exists","duration":0.7600999999999658,"failureMessages":[],"meta":{},"tags":[]},{"ancestorTitles":["API Route Files"],"fullName":"API Route Files brain/request/route.ts exists","status":"passed","title":"brain/request/route.ts exists","duration":0.5217999999999847,"failureMessages":[],"meta":{},"tags":[]},{"ancestorTitles":["API Route Files"],"fullName":"API Route Files brain/stream/route.ts exists","status":"passed","title":"brain/stream/route.ts exists","duration":0.5401999999999134,"failureMessages":[],"meta":{},"tags":[]},{"ancestorTitles":["API Route Files"],"fullName":"API Route Files guardrails/route.ts exists","status":"passed","title":"guardrails/route.ts exists","duration":0.5184999999999036,"failureMessages":[],"meta":{},"tags":[]},{"ancestorTitles":["API Route Files"],"fullName":"API Route Files prompts/route.ts exists","status":"passed","title":"prompts/route.ts exists","duration":1.0570999999999913,"failureMessages":[],"meta":{},"tags":[]},{"ancestorTitles":["API Route Files"],"fullName":"API Route Files rag/route.ts exists","status":"passed","title":"rag/route.ts exists","duration":0.5463999999999487,"failureMessages":[],"meta":{},"tags":[]},{"ancestorTitles":["API Route Files"],"fullName":"API Route Files tools/route.ts exists","status":"passed","title":"tools/route.ts exists","duration":0.5320000000001528,"failureMessages":[],"meta":{},"tags":[]},{"ancestorTitles":["API Route Files"],"fullName":"API Route Files webhooks/route.ts exists","status":"passed","title":"webhooks/route.ts exists","duration":0.6654999999998381,"failureMessages":[],"meta":{},"tags":[]},{"ancestorTitles":["API Route Files"],"fullName":"API Route Files workflows/route.ts exists","status":"passed","title":"workflows/route.ts exists","duration":0.539299999999912,"failureMessages":[],"meta":{},"tags":[]},{"ancestorTitles":["API Route Files"],"fullName":"API Route Files contact/route.ts exists","status":"passed","title":"contact/route.ts exists","duration":0.49149999999985994,"failureMessages":[],"meta":{},"tags":[]},{"ancestorTitles":["API Route Files"],"fullName":"API Route Files waitlist/route.ts exists","status":"passed","title":"waitlist/route.ts exists","duration":0.5480000000000018,"failureMessages":[],"meta":{},"tags":[]},{"ancestorTitles":["API Route Files"],"fullName":"API Route Files fine-tune/route.ts exists","status":"passed","title":"fine-tune/route.ts exists","duration":0.44049999999992906,"failureMessages":[],"meta":{},"tags":[]},{"ancestorTitles":["Webhook Manager"],"fullName":"Webhook Manager exports expected constants","status":"passed","title":"exports expected constants","duration":0.7521999999999025,"failureMessages":[],"meta":{},"tags":[]},{"ancestorTitles":["Webhook Manager"],"fullName":"Webhook Manager registerWebhook creates a webhook with correct fields","status":"passed","title":"registerWebhook creates a webhook with correct fields","duration":1.4153999999998632,"failureMessages":[],"meta":{},"tags":[]},{"ancestorTitles":["Webhook Manager"],"fullName":"Webhook Manager getWebhook retrieves a registered webhook","status":"passed","title":"getWebhook retrieves a registered webhook","duration":1.098700000000008,"failureMessages":[],"meta":{},"tags":[]},{"ancestorTitles":["Webhook Manager"],"fullName":"Webhook Manager getWebhooksForApp returns only the app webhooks","status":"passed","title":"getWebhooksForApp returns only the app webhooks","duration":1.2047000000000025,"failureMessages":[],"meta":{},"tags":[]},{"ancestorTitles":["Webhook Manager"],"fullName":"Webhook Manager unregisterWebhook removes a webhook","status":"passed","title":"unregisterWebhook removes a webhook","duration":0.8223000000000411,"failureMessages":[],"meta":{},"tags":[]},{"ancestorTitles":["Webhook Manager"],"fullName":"Webhook Manager unregisterWebhook returns false for unknown id","status":"passed","title":"unregisterWebhook returns false for unknown id","duration":0.5033999999998287,"failureMessages":[],"meta":{},"tags":[]},{"ancestorTitles":["Webhook Manager"],"fullName":"Webhook Manager setWebhookActive toggles active flag","status":"passed","title":"setWebhookActive toggles active flag","duration":1.2829999999999018,"failureMessages":[],"meta":{},"tags":[]},{"ancestorTitles":["Webhook Manager"],"fullName":"Webhook Manager generateSignature produces a hex string","status":"passed","title":"generateSignature produces a hex string","duration":1.8529000000000906,"failureMessages":[],"meta":{},"tags":[]},{"ancestorTitles":["Webhook Manager"],"fullName":"Webhook Manager verifySignature validates a correct signature","status":"passed","title":"verifySignature validates a correct signature","duration":0.7911999999998898,"failureMessages":[],"meta":{},"tags":[]},{"ancestorTitles":["Webhook Manager"],"fullName":"Webhook Manager verifySignature rejects incorrect signature","status":"passed","title":"verifySignature rejects incorrect signature","duration":0.5467000000001008,"failureMessages":[],"meta":{},"tags":[]},{"ancestorTitles":["Webhook Manager"],"fullName":"Webhook Manager getDeliveryLog returns an array","status":"passed","title":"getDeliveryLog returns an array","duration":0.783100000000104,"failureMessages":[],"meta":{},"tags":[]},{"ancestorTitles":["Webhook Manager"],"fullName":"Webhook Manager getDeliveryStats returns summary with expected fields","status":"passed","title":"getDeliveryStats returns summary with expected fields","duration":1.7409000000000106,"failureMessages":[],"meta":{},"tags":[]},{"ancestorTitles":["Batch Processor"],"fullName":"Batch Processor exports expected constants","status":"passed","title":"exports expected constants","duration":1.2445999999999913,"failureMessages":[],"meta":{},"tags":[]},{"ancestorTitles":["Batch Processor"],"fullName":"Batch Processor createBatchJob returns a job with pending status","status":"passed","title":"createBatchJob returns a job with pending status","duration":2.3646000000001095,"failureMessages":[],"meta":{},"tags":[]},{"ancestorTitles":["Batch Processor"],"fullName":"Batch Processor getBatchJob retrieves a created job","status":"passed","title":"getBatchJob retrieves a created job","duration":0.880100000000084,"failureMessages":[],"meta":{},"tags":[]},{"ancestorTitles":["Batch Processor"],"fullName":"Batch Processor getBatchJob returns null for unknown id","status":"passed","title":"getBatchJob returns null for unknown id","duration":0.4068999999999505,"failureMessages":[],"meta":{},"tags":[]},{"ancestorTitles":["Batch Processor"],"fullName":"Batch Processor cancelBatchJob cancels a pending job","status":"passed","title":"cancelBatchJob cancels a pending job","duration":3.564200000000028,"failureMessages":[],"meta":{},"tags":[]},{"ancestorTitles":["Batch Processor"],"fullName":"Batch Processor cancelBatchJob returns false for unknown id","status":"passed","title":"cancelBatchJob returns false for unknown id","duration":0.39869999999996253,"failureMessages":[],"meta":{},"tags":[]},{"ancestorTitles":["Batch Processor"],"fullName":"Batch Processor listBatchJobs filters by appSlug","status":"passed","title":"listBatchJobs filters by appSlug","duration":1.568899999999985,"failureMessages":[],"meta":{},"tags":[]},{"ancestorTitles":["Batch Processor"],"fullName":"Batch Processor submitBatchJob resolves for a valid job","status":"passed","title":"submitBatchJob resolves for a valid job","duration":1.1216999999999189,"failureMessages":[],"meta":{},"tags":[]},{"ancestorTitles":["Batch Processor"],"fullName":"Batch Processor getBatchResult returns null for pending job","status":"passed","title":"getBatchResult returns null for pending job","duration":1.147899999999936,"failureMessages":[],"meta":{},"tags":[]},{"ancestorTitles":["RAG Pipeline"],"fullName":"RAG Pipeline exports expected constants","status":"passed","title":"exports expected constants","duration":0.6885999999999513,"failureMessages":[],"meta":{},"tags":[]},{"ancestorTitles":["RAG Pipeline","chunkText"],"fullName":"RAG Pipeline chunkText chunks a short text into one chunk","status":"passed","title":"chunks a short text into one chunk","duration":0.7051000000001295,"failureMessages":[],"meta":{},"tags":[]},{"ancestorTitles":["RAG Pipeline","chunkText"],"fullName":"RAG Pipeline chunkText chunks a long text into multiple chunks","status":"passed","title":"chunks a long text into multiple chunks","duration":2.649499999999989,"failureMessages":[],"meta":{},"tags":[]},{"ancestorTitles":["RAG Pipeline","chunkText"],"fullName":"RAG Pipeline chunkText respects custom chunk size","status":"passed","title":"respects custom chunk size","duration":4.835299999999961,"failureMessages":[],"meta":{},"tags":[]},{"ancestorTitles":["RAG Pipeline"],"fullName":"RAG Pipeline buildRAGPrompt constructs a prompt string","status":"passed","title":"buildRAGPrompt constructs a prompt string","duration":0.685799999999972,"failureMessages":[],"meta":{},"tags":[]},{"ancestorTitles":["RAG Pipeline"],"fullName":"RAG Pipeline buildRAGPrompt includes system prompt when results exist","status":"passed","title":"buildRAGPrompt includes system prompt when results exist","duration":0.3512000000000626,"failureMessages":[],"meta":{},"tags":[]},{"ancestorTitles":["RAG Pipeline"],"fullName":"RAG Pipeline generateEmbedding returns null without API key","status":"passed","title":"generateEmbedding returns null without API key","duration":0.9998000000000502,"failureMessages":[],"meta":{},"tags":[]},{"ancestorTitles":["RAG Pipeline"],"fullName":"RAG Pipeline generateEmbeddings returns array of results","status":"passed","title":"generateEmbeddings returns array of results","duration":0.5188000000000557,"failureMessages":[],"meta":{},"tags":[]},{"ancestorTitles":["RAG Pipeline"],"fullName":"RAG Pipeline getRAGHealth returns a health status object","status":"passed","title":"getRAGHealth returns a health status object","duration":0.5217999999999847,"failureMessages":[],"meta":{},"tags":[]},{"ancestorTitles":["Guardrails"],"fullName":"Guardrails exports expected constants","status":"passed","title":"exports expected constants","duration":0.5848999999998341,"failureMessages":[],"meta":{},"tags":[]},{"ancestorTitles":["Guardrails"],"fullName":"Guardrails DEFAULT_POLICY has required fields","status":"passed","title":"DEFAULT_POLICY has required fields","duration":0.3446999999998752,"failureMessages":[],"meta":{},"tags":[]},{"ancestorTitles":["Guardrails","runGuardrails"],"fullName":"Guardrails runGuardrails passes for clean text","status":"passed","title":"passes for clean text","duration":3.2141999999998916,"failureMessages":[],"meta":{},"tags":[]},{"ancestorTitles":["Guardrails","runGuardrails"],"fullName":"Guardrails runGuardrails result has expected metadata fields","status":"passed","title":"result has expected metadata fields","duration":1.925899999999956,"failureMessages":[],"meta":{},"tags":[]},{"ancestorTitles":["Guardrails","detectPII"],"fullName":"Guardrails detectPII detects email addresses","status":"passed","title":"detects email addresses","duration":0.7376000000001568,"failureMessages":[],"meta":{},"tags":[]},{"ancestorTitles":["Guardrails","detectPII"],"fullName":"Guardrails detectPII returns empty array for clean text","status":"passed","title":"returns empty array for clean text","duration":0.3585000000000491,"failureMessages":[],"meta":{},"tags":[]},{"ancestorTitles":["Guardrails","redactPII"],"fullName":"Guardrails redactPII redacts email addresses","status":"passed","title":"redacts email addresses","duration":0.6556000000000495,"failureMessages":[],"meta":{},"tags":[]},{"ancestorTitles":["Guardrails","redactPII"],"fullName":"Guardrails redactPII leaves clean text unchanged","status":"passed","title":"leaves clean text unchanged","duration":0.3726999999998952,"failureMessages":[],"meta":{},"tags":[]},{"ancestorTitles":["Guardrails","detectToxicity"],"fullName":"Guardrails detectToxicity returns an array of pattern results","status":"passed","title":"returns an array of pattern results","duration":0.4430999999999585,"failureMessages":[],"meta":{},"tags":[]},{"ancestorTitles":["Guardrails","detectBias"],"fullName":"Guardrails detectBias returns an array","status":"passed","title":"returns an array","duration":1.1074999999998454,"failureMessages":[],"meta":{},"tags":[]},{"ancestorTitles":["Guardrails","detectHallucinationIndicators"],"fullName":"Guardrails detectHallucinationIndicators returns an array of strings","status":"passed","title":"returns an array of strings","duration":1.1270999999999276,"failureMessages":[],"meta":{},"tags":[]},{"ancestorTitles":["Tool Runtime"],"fullName":"Tool Runtime has 5 built-in tools","status":"passed","title":"has 5 built-in tools","duration":2.192500000000109,"failureMessages":[],"meta":{},"tags":[]},{"ancestorTitles":["Tool Runtime"],"fullName":"Tool Runtime getAvailableTools returns all built-in tools","status":"passed","title":"getAvailableTools returns all built-in tools","duration":2.00019999999995,"failureMessages":[],"meta":{},"tags":[]},{"ancestorTitles":["Tool Runtime"],"fullName":"Tool Runtime getToolsAsOpenAIFunctions returns proper format","status":"passed","title":"getToolsAsOpenAIFunctions returns proper format","duration":2.43100000000004,"failureMessages":[],"meta":{},"tags":[]},{"ancestorTitles":["Tool Runtime"],"fullName":"Tool Runtime executeTool runs calculator successfully","status":"passed","title":"executeTool runs calculator successfully","duration":1.8204000000000633,"failureMessages":[],"meta":{},"tags":[]},{"ancestorTitles":["Tool Runtime"],"fullName":"Tool Runtime executeTool runs text_transform","status":"passed","title":"executeTool runs text_transform","duration":0.613399999999956,"failureMessages":[],"meta":{},"tags":[]},{"ancestorTitles":["Tool Runtime"],"fullName":"Tool Runtime executeTool handles unknown tool gracefully","status":"passed","title":"executeTool handles unknown tool gracefully","duration":0.5091999999999643,"failureMessages":[],"meta":{},"tags":[]},{"ancestorTitles":["Tool Runtime"],"fullName":"Tool Runtime executeToolCalls runs multiple calls","status":"passed","title":"executeToolCalls runs multiple calls","duration":1.5821999999998297,"failureMessages":[],"meta":{},"tags":[]},{"ancestorTitles":["Tool Runtime"],"fullName":"Tool Runtime registerTool and unregisterTool manage custom tools","status":"passed","title":"registerTool and unregisterTool manage custom tools","duration":0.9115999999999076,"failureMessages":[],"meta":{},"tags":[]},{"ancestorTitles":["Tool Runtime"],"fullName":"Tool Runtime unregisterTool returns false for unknown tool","status":"passed","title":"unregisterTool returns false for unknown tool","duration":0.35540000000014516,"failureMessages":[],"meta":{},"tags":[]},{"ancestorTitles":["Workflow Engine"],"fullName":"Workflow Engine exports expected constants","status":"passed","title":"exports expected constants","duration":1.335700000000088,"failureMessages":[],"meta":{},"tags":[]},{"ancestorTitles":["Workflow Engine"],"fullName":"Workflow Engine createWorkflow creates a workflow in draft status","status":"passed","title":"createWorkflow creates a workflow in draft status","duration":1.1891000000000531,"failureMessages":[],"meta":{},"tags":[]},{"ancestorTitles":["Workflow Engine"],"fullName":"Workflow Engine getWorkflow retrieves a created workflow","status":"passed","title":"getWorkflow retrieves a created workflow","duration":0.7040999999999258,"failureMessages":[],"meta":{},"tags":[]},{"ancestorTitles":["Workflow Engine"],"fullName":"Workflow Engine getWorkflow returns null for unknown id","status":"passed","title":"getWorkflow returns null for unknown id","duration":0.30520000000001346,"failureMessages":[],"meta":{},"tags":[]},{"ancestorTitles":["Workflow Engine"],"fullName":"Workflow Engine listWorkflows filters by appSlug","status":"passed","title":"listWorkflows filters by appSlug","duration":2.2032000000001517,"failureMessages":[],"meta":{},"tags":[]},{"ancestorTitles":["Workflow Engine"],"fullName":"Workflow Engine activateWorkflow changes status to active","status":"passed","title":"activateWorkflow changes status to active","duration":0.8343999999999596,"failureMessages":[],"meta":{},"tags":[]},{"ancestorTitles":["Workflow Engine"],"fullName":"Workflow Engine deleteWorkflow removes a workflow","status":"passed","title":"deleteWorkflow removes a workflow","duration":0.9972999999999956,"failureMessages":[],"meta":{},"tags":[]},{"ancestorTitles":["Workflow Engine"],"fullName":"Workflow Engine deleteWorkflow returns false for unknown id","status":"passed","title":"deleteWorkflow returns false for unknown id","duration":0.580600000000004,"failureMessages":[],"meta":{},"tags":[]},{"ancestorTitles":["Workflow Engine"],"fullName":"Workflow Engine getWorkflowRun returns null for unknown run","status":"passed","title":"getWorkflowRun returns null for unknown run","duration":0.4912000000001626,"failureMessages":[],"meta":{},"tags":[]},{"ancestorTitles":["Workflow Engine"],"fullName":"Workflow Engine listWorkflowRuns returns empty for unknown workflow","status":"passed","title":"listWorkflowRuns returns empty for unknown workflow","duration":1.985300000000052,"failureMessages":[],"meta":{},"tags":[]},{"ancestorTitles":["Prompt Studio"],"fullName":"Prompt Studio exports expected constants","status":"passed","title":"exports expected constants","duration":0.9509000000000469,"failureMessages":[],"meta":{},"tags":[]},{"ancestorTitles":["Prompt Studio","Template CRUD"],"fullName":"Prompt Studio Template CRUD createTemplate creates a template with correct fields","status":"passed","title":"createTemplate creates a template with correct fields","duration":1.7309999999999945,"failureMessages":[],"meta":{},"tags":[]},{"ancestorTitles":["Prompt Studio","Template CRUD"],"fullName":"Prompt Studio Template CRUD getTemplate retrieves a created template","status":"passed","title":"getTemplate retrieves a created template","duration":1.0513999999998305,"failureMessages":[],"meta":{},"tags":[]},{"ancestorTitles":["Prompt Studio","Template CRUD"],"fullName":"Prompt Studio Template CRUD getTemplate returns null for unknown id","status":"passed","title":"getTemplate returns null for unknown id","duration":0.3563000000001466,"failureMessages":[],"meta":{},"tags":[]},{"ancestorTitles":["Prompt Studio","Template CRUD"],"fullName":"Prompt Studio Template CRUD updateTemplate bumps version","status":"passed","title":"updateTemplate bumps version","duration":1.3547000000000935,"failureMessages":[],"meta":{},"tags":[]},{"ancestorTitles":["Prompt Studio","Template CRUD"],"fullName":"Prompt Studio Template CRUD updateTemplate returns null for unknown id","status":"passed","title":"updateTemplate returns null for unknown id","duration":0.4682000000000244,"failureMessages":[],"meta":{},"tags":[]},{"ancestorTitles":["Prompt Studio","Template CRUD"],"fullName":"Prompt Studio Template CRUD listTemplates filters by appSlug","status":"passed","title":"listTemplates filters by appSlug","duration":0.9495999999999185,"failureMessages":[],"meta":{},"tags":[]},{"ancestorTitles":["Prompt Studio","Template CRUD"],"fullName":"Prompt Studio Template CRUD deleteTemplate removes a template","status":"passed","title":"deleteTemplate removes a template","duration":0.8432999999999993,"failureMessages":[],"meta":{},"tags":[]},{"ancestorTitles":["Prompt Studio","Template CRUD"],"fullName":"Prompt Studio Template CRUD deleteTemplate returns false for unknown id","status":"passed","title":"deleteTemplate returns false for unknown id","duration":0.4884999999999309,"failureMessages":[],"meta":{},"tags":[]},{"ancestorTitles":["Prompt Studio","renderTemplate"],"fullName":"Prompt Studio renderTemplate renders template with variables","status":"passed","title":"renders template with variables","duration":1.5209999999999582,"failureMessages":[],"meta":{},"tags":[]},{"ancestorTitles":["Prompt Studio","renderTemplate"],"fullName":"Prompt Studio renderTemplate returns null for unknown template","status":"passed","title":"returns null for unknown template","duration":0.3766000000000531,"failureMessages":[],"meta":{},"tags":[]},{"ancestorTitles":["Prompt Studio","Version History"],"fullName":"Prompt Studio Version History tracks version changes","status":"passed","title":"tracks version changes","duration":1.0502000000001317,"failureMessages":[],"meta":{},"tags":[]},{"ancestorTitles":["Prompt Studio","A/B Testing"],"fullName":"Prompt Studio A/B Testing createABTest creates a test in draft status","status":"passed","title":"createABTest creates a test in draft status","duration":1.228399999999965,"failureMessages":[],"meta":{},"tags":[]},{"ancestorTitles":["Prompt Studio","A/B Testing"],"fullName":"Prompt Studio A/B Testing startABTest changes status to running","status":"passed","title":"startABTest changes status to running","duration":5.3038000000001375,"failureMessages":[],"meta":{},"tags":[]},{"ancestorTitles":["Prompt Studio","A/B Testing"],"fullName":"Prompt Studio A/B Testing selectVariant returns a variant from a running test","status":"passed","title":"selectVariant returns a variant from a running test","duration":3.1766000000000076,"failureMessages":[],"meta":{},"tags":[]},{"ancestorTitles":["Prompt Studio","A/B Testing"],"fullName":"Prompt Studio A/B Testing getABTest returns null for unknown id","status":"passed","title":"getABTest returns null for unknown id","duration":0.49890000000004875,"failureMessages":[],"meta":{},"tags":[]},{"ancestorTitles":["Prompt Studio","A/B Testing"],"fullName":"Prompt Studio A/B Testing listABTests filters by appSlug","status":"passed","title":"listABTests filters by appSlug","duration":0.9716999999998279,"failureMessages":[],"meta":{},"tags":[]}],"startTime":1782297400781,"endTime":1782297400963.9717,"status":"passed","message":"","name":"C:/amarktai-agent/Amarktai-Network-2/src/lib/__tests__/api-routes-and-labs.test.ts"},{"assertionResults":[{"ancestorTitles":["App Agent — Core Architecture"],"fullName":"App Agent — Core Architecture parseAdminNotes extracts structured rules from plain English","status":"passed","title":"parseAdminNotes extracts structured rules from plain English","duration":424.08489999999983,"failureMessages":[],"meta":{},"tags":[]},{"ancestorTitles":["App Agent — Core Architecture"],"fullName":"App Agent — Core Architecture parseAdminNotes returns empty array for empty notes","status":"passed","title":"parseAdminNotes returns empty array for empty notes","duration":6.1865999999999985,"failureMessages":[],"meta":{},"tags":[]},{"ancestorTitles":["App Agent — Core Architecture"],"fullName":"App Agent — Core Architecture parseAdminNotes assigns correct priorities","status":"passed","title":"parseAdminNotes assigns correct priorities","duration":2.085099999999784,"failureMessages":[],"meta":{},"tags":[]},{"ancestorTitles":["App Agent — Core Architecture"],"fullName":"App Agent — Core Architecture buildAgentSystemPrompt generates correct system prompt","status":"passed","title":"buildAgentSystemPrompt generates correct system prompt","duration":2.7818999999999505,"failureMessages":[],"meta":{},"tags":[]},{"ancestorTitles":["App Agent — Core Architecture"],"fullName":"App Agent — Core Architecture buildAgentSystemPrompt handles minimal config","status":"passed","title":"buildAgentSystemPrompt handles minimal config","duration":1.940599999999904,"failureMessages":[],"meta":{},"tags":[]},{"ancestorTitles":["Firecrawl Integration"],"fullName":"Firecrawl Integration getFirecrawlStatus reports unavailable when no API key","status":"passed","title":"getFirecrawlStatus reports unavailable when no API key","duration":144.5567000000001,"failureMessages":[],"meta":{},"tags":[]},{"ancestorTitles":["Firecrawl Integration"],"fullName":"Firecrawl Integration crawlAppWebsite returns error when no API key","status":"passed","title":"crawlAppWebsite returns error when no API key","duration":15.179399999999987,"failureMessages":[],"meta":{},"tags":[]},{"ancestorTitles":["Mem0 Integration"],"fullName":"Mem0 Integration getMem0Status reports unavailable when no API key","status":"passed","title":"getMem0Status reports unavailable when no API key","duration":38.529799999999796,"failureMessages":[],"meta":{},"tags":[]},{"ancestorTitles":["Mem0 Integration"],"fullName":"Mem0 Integration searchMemories returns empty when no API key","status":"passed","title":"searchMemories returns empty when no API key","duration":8.028999999999996,"failureMessages":[],"meta":{},"tags":[]},{"ancestorTitles":["Mem0 Integration"],"fullName":"Mem0 Integration addMemory returns null when no API key","status":"passed","title":"addMemory returns null when no API key","duration":12.05769999999984,"failureMessages":[],"meta":{},"tags":[]},{"ancestorTitles":["Graphiti Integration"],"fullName":"Graphiti Integration getGraphitiStatus reports unavailable when not configured","status":"passed","title":"getGraphitiStatus reports unavailable when not configured","duration":136.4672999999998,"failureMessages":[],"meta":{},"tags":[]},{"ancestorTitles":["Graphiti Integration"],"fullName":"Graphiti Integration addNode returns null when not configured","status":"passed","title":"addNode returns null when not configured","duration":0.9506999999998698,"failureMessages":[],"meta":{},"tags":[]},{"ancestorTitles":["Graphiti Integration"],"fullName":"Graphiti Integration searchGraph returns empty when not configured","status":"passed","title":"searchGraph returns empty when not configured","duration":1.0914000000002488,"failureMessages":[],"meta":{},"tags":[]},{"ancestorTitles":["LiteLLM Integration"],"fullName":"LiteLLM Integration getLiteLLMStatus reports unavailable when not configured","status":"passed","title":"getLiteLLMStatus reports unavailable when not configured","duration":174.49209999999994,"failureMessages":[],"meta":{},"tags":[]},{"ancestorTitles":["LiteLLM Integration"],"fullName":"LiteLLM Integration getBudgetBand returns correct bands","status":"passed","title":"getBudgetBand returns correct bands","duration":1.928599999999733,"failureMessages":[],"meta":{},"tags":[]},{"ancestorTitles":["LiteLLM Integration"],"fullName":"LiteLLM Integration selectModelForBudget returns cheap models for simple tasks","status":"passed","title":"selectModelForBudget returns cheap models for simple tasks","duration":1.5032000000001062,"failureMessages":[],"meta":{},"tags":[]},{"ancestorTitles":["LiteLLM Integration"],"fullName":"LiteLLM Integration callLiteLLM returns error when not configured","status":"passed","title":"callLiteLLM returns error when not configured","duration":1.2620999999999185,"failureMessages":[],"meta":{},"tags":[]},{"ancestorTitles":["PostHog Integration"],"fullName":"PostHog Integration getPostHogStatus reports unavailable when no API key","status":"passed","title":"getPostHogStatus reports unavailable when no API key","duration":62.953399999999874,"failureMessages":[],"meta":{},"tags":[]},{"ancestorTitles":["PostHog Integration"],"fullName":"PostHog Integration captureEvent returns false when no API key","status":"passed","title":"captureEvent returns false when no API key","duration":1.2071000000000822,"failureMessages":[],"meta":{},"tags":[]},{"ancestorTitles":["PostHog Integration"],"fullName":"PostHog Integration captureBatch returns false when no API key","status":"passed","title":"captureBatch returns false when no API key","duration":0.7770000000000437,"failureMessages":[],"meta":{},"tags":[]},{"ancestorTitles":["LangGraph Integration"],"fullName":"LangGraph Integration getLangGraphStatus reports internal mode when no external URL","status":"passed","title":"getLangGraphStatus reports internal mode when no external URL","duration":63.52340000000004,"failureMessages":[],"meta":{},"tags":[]},{"ancestorTitles":["LangGraph Integration"],"fullName":"LangGraph Integration getWorkflowDefinition returns valid definitions","status":"passed","title":"getWorkflowDefinition returns valid definitions","duration":1.5697000000000116,"failureMessages":[],"meta":{},"tags":[]},{"ancestorTitles":["LangGraph Integration"],"fullName":"LangGraph Integration executeWorkflow runs internal workflow successfully","status":"passed","title":"executeWorkflow runs internal workflow successfully","duration":3.863499999999931,"failureMessages":[],"meta":{},"tags":[]},{"ancestorTitles":["Qdrant Per-App Isolation"],"fullName":"Qdrant Per-App Isolation searchAppKnowledge applies app_slug filter","status":"passed","title":"searchAppKnowledge applies app_slug filter","duration":801.8663000000001,"failureMessages":[],"meta":{},"tags":[]},{"ancestorTitles":["Qdrant Per-App Isolation"],"fullName":"Qdrant Per-App Isolation deleteAppKnowledge returns false when Qdrant unavailable","status":"passed","title":"deleteAppKnowledge returns false when Qdrant unavailable","duration":1.2031999999999243,"failureMessages":[],"meta":{},"tags":[]},{"ancestorTitles":["Qdrant Per-App Isolation"],"fullName":"Qdrant Per-App Isolation upsertAppKnowledge returns false when Qdrant unavailable","status":"passed","title":"upsertAppKnowledge returns false when Qdrant unavailable","duration":0.7966000000001259,"failureMessages":[],"meta":{},"tags":[]},{"ancestorTitles":["Concurrency — Multi-App Isolation"],"fullName":"Concurrency — Multi-App Isolation multiple parseAdminNotes calls do not interfere","status":"passed","title":"multiple parseAdminNotes calls do not interfere","duration":1.493800000000192,"failureMessages":[],"meta":{},"tags":[]},{"ancestorTitles":["Concurrency — Multi-App Isolation"],"fullName":"Concurrency — Multi-App Isolation multiple budget band selections are independent","status":"passed","title":"multiple budget band selections are independent","duration":0.7406000000000859,"failureMessages":[],"meta":{},"tags":[]},{"ancestorTitles":["Concurrency — Multi-App Isolation"],"fullName":"Concurrency — Multi-App Isolation workflow executions are independent","status":"passed","title":"workflow executions are independent","duration":1.154700000000048,"failureMessages":[],"meta":{},"tags":[]},{"ancestorTitles":["Religious App Specialist Support"],"fullName":"Religious App Specialist Support Christian app generates correct religious instructions","status":"passed","title":"Christian app generates correct religious instructions","duration":1.759900000000016,"failureMessages":[],"meta":{},"tags":[]},{"ancestorTitles":["Religious App Specialist Support"],"fullName":"Religious App Specialist Support Muslim app generates correct religious instructions","status":"passed","title":"Muslim app generates correct religious instructions","duration":0.9182000000000698,"failureMessages":[],"meta":{},"tags":[]},{"ancestorTitles":["Religious App Specialist Support"],"fullName":"Religious App Specialist Support Non-religious app does not include religious instructions","status":"passed","title":"Non-religious app does not include religious instructions","duration":1.242200000000139,"failureMessages":[],"meta":{},"tags":[]},{"ancestorTitles":["Go-Live Hardening"],"fullName":"Go-Live Hardening all integration status functions return valid objects","status":"passed","title":"all integration status functions return valid objects","duration":25.290600000000268,"failureMessages":[],"meta":{},"tags":[]},{"ancestorTitles":["Go-Live Hardening"],"fullName":"Go-Live Hardening all integrations degrade gracefully when not configured","status":"passed","title":"all integrations degrade gracefully when not configured","duration":21.88059999999996,"failureMessages":[],"meta":{},"tags":[]},{"ancestorTitles":["Go-Live Hardening"],"fullName":"Go-Live Hardening LangGraph always available (internal fallback)","status":"passed","title":"LangGraph always available (internal fallback)","duration":25.911000000000058,"failureMessages":[],"meta":{},"tags":[]}],"startTime":1782297397285,"endTime":1782297399281.911,"status":"passed","message":"","name":"C:/amarktai-agent/Amarktai-Network-2/src/lib/__tests__/app-agent-golive.test.ts"},{"assertionResults":[{"ancestorTitles":["App Profiles","DEFAULT_APP_PROFILES"],"fullName":"App Profiles DEFAULT_APP_PROFILES has profiles for expected apps","status":"passed","title":"has profiles for expected apps","duration":5.219500000000039,"failureMessages":[],"meta":{},"tags":[]},{"ancestorTitles":["App Profiles","DEFAULT_APP_PROFILES"],"fullName":"App Profiles DEFAULT_APP_PROFILES every profile has required fields","status":"passed","title":"every profile has required fields","duration":4.593299999999999,"failureMessages":[],"meta":{},"tags":[]},{"ancestorTitles":["App Profiles","getAppProfile"],"fullName":"App Profiles getAppProfile returns specific profile for known app","status":"passed","title":"returns specific profile for known app","duration":2.499500000000012,"failureMessages":[],"meta":{},"tags":[]},{"ancestorTitles":["App Profiles","getAppProfile"],"fullName":"App Profiles getAppProfile returns default profile for unknown app","status":"passed","title":"returns default profile for unknown app","duration":0.5650999999999158,"failureMessages":[],"meta":{},"tags":[]},{"ancestorTitles":["App Profiles","isProviderAllowed"],"fullName":"App Profiles isProviderAllowed allows configured providers for crypto app","status":"passed","title":"allows configured providers for crypto app","duration":0.5673000000000457,"failureMessages":[],"meta":{},"tags":[]},{"ancestorTitles":["App Profiles","isProviderAllowed"],"fullName":"App Profiles isProviderAllowed handles allowed_providers from app profile","status":"passed","title":"handles allowed_providers from app profile","duration":0.7531000000000176,"failureMessages":[],"meta":{},"tags":[]},{"ancestorTitles":["App Profiles","isModelAllowed"],"fullName":"App Profiles isModelAllowed allows configured models","status":"passed","title":"allows configured models","duration":1.1003000000000611,"failureMessages":[],"meta":{},"tags":[]},{"ancestorTitles":["App Profiles","getPreferredModels"],"fullName":"App Profiles getPreferredModels returns preferred models for app","status":"passed","title":"returns preferred models for app","duration":0.964800000000082,"failureMessages":[],"meta":{},"tags":[]},{"ancestorTitles":["App Profiles","shouldEscalate"],"fullName":"App Profiles shouldEscalate returns matching rule for complex financial tasks on crypto app","status":"passed","title":"returns matching rule for complex financial tasks on crypto app","duration":2.046199999999999,"failureMessages":[],"meta":{},"tags":[]},{"ancestorTitles":["App Profiles","shouldEscalate"],"fullName":"App Profiles shouldEscalate returns null for simple chat on default app","status":"passed","title":"returns null for simple chat on default app","duration":0.7686999999999671,"failureMessages":[],"meta":{},"tags":[]},{"ancestorTitles":["App Profiles","requiresValidation"],"fullName":"App Profiles requiresValidation returns matching rule or null for crypto app tasks","status":"passed","title":"returns matching rule or null for crypto app tasks","duration":0.8522000000000389,"failureMessages":[],"meta":{},"tags":[]},{"ancestorTitles":["App Profiles","getMemoryNamespace"],"fullName":"App Profiles getMemoryNamespace returns correct namespace for known app","status":"passed","title":"returns correct namespace for known app","duration":0.5978000000000065,"failureMessages":[],"meta":{},"tags":[]},{"ancestorTitles":["App Profiles","getRetrievalNamespace"],"fullName":"App Profiles getRetrievalNamespace returns correct namespace for known app","status":"passed","title":"returns correct namespace for known app","duration":0.5585999999999558,"failureMessages":[],"meta":{},"tags":[]}],"startTime":1782297405963,"endTime":1782297405986.598,"status":"passed","message":"","name":"C:/amarktai-agent/Amarktai-Network-2/src/lib/__tests__/app-profiles.test.ts"},{"assertionResults":[{"ancestorTitles":["backend capability truth"],"fullName":"backend capability truth GenX status separates configured from available","status":"passed","title":"GenX status separates configured from available","duration":381.0873999999999,"failureMessages":[],"meta":{},"tags":[]},{"ancestorTitles":["backend capability truth"],"fullName":"backend capability truth GenX configured does not mean available when catalog probe fails","status":"passed","title":"GenX configured does not mean available when catalog probe fails","duration":36.14859999999999,"failureMessages":[],"meta":{},"tags":[]},{"ancestorTitles":["backend capability truth"],"fullName":"backend capability truth /api/brain/video-generate returns a truthful blocker when no renderer exists","status":"passed","title":"/api/brain/video-generate returns a truthful blocker when no renderer exists","duration":1178.0164000000004,"failureMessages":[],"meta":{},"tags":[]}],"startTime":1782297397291,"endTime":1782297398887.0164,"status":"passed","message":"","name":"C:/amarktai-agent/Amarktai-Network-2/src/lib/__tests__/backend-truth.test.ts"},{"assertionResults":[{"ancestorTitles":["AmarktAI Assistant route files exist (Phase C)"],"fullName":"AmarktAI Assistant route files exist (Phase C) POST /api/admin/amarktai-assistant/chat route exists","status":"passed","title":"POST /api/admin/amarktai-assistant/chat route exists","duration":5.458900000000085,"failureMessages":[],"meta":{},"tags":[]},{"ancestorTitles":["AmarktAI Assistant route files exist (Phase C)"],"fullName":"AmarktAI Assistant route files exist (Phase C) GET /api/admin/amarktai-assistant/context route exists","status":"passed","title":"GET /api/admin/amarktai-assistant/context route exists","duration":1.1489999999998872,"failureMessages":[],"meta":{},"tags":[]},{"ancestorTitles":["AmarktAI Assistant route files exist (Phase C)"],"fullName":"AmarktAI Assistant route files exist (Phase C) GET+POST /api/admin/amarktai-assistant/memory route exists","status":"passed","title":"GET+POST /api/admin/amarktai-assistant/memory route exists","duration":1.0225000000000364,"failureMessages":[],"meta":{},"tags":[]},{"ancestorTitles":["AmarktAI Assistant route files exist (Phase C)"],"fullName":"AmarktAI Assistant route files exist (Phase C) POST /api/admin/amarktai-assistant/stream route exists","status":"passed","title":"POST /api/admin/amarktai-assistant/stream route exists","duration":1.1163000000001375,"failureMessages":[],"meta":{},"tags":[]},{"ancestorTitles":["AmarktAI Assistant route files exist (Phase C)"],"fullName":"AmarktAI Assistant route files exist (Phase C) amarktai-assistant/chat exports POST handler","status":"passed","title":"amarktai-assistant/chat exports POST handler","duration":1.622200000000248,"failureMessages":[],"meta":{},"tags":[]},{"ancestorTitles":["AmarktAI Assistant route files exist (Phase C)"],"fullName":"AmarktAI Assistant route files exist (Phase C) amarktai-assistant/context exports GET handler","status":"passed","title":"amarktai-assistant/context exports GET handler","duration":1.221900000000005,"failureMessages":[],"meta":{},"tags":[]},{"ancestorTitles":["AmarktAI Assistant route files exist (Phase C)"],"fullName":"AmarktAI Assistant route files exist (Phase C) amarktai-assistant/memory exports GET and POST handlers","status":"passed","title":"amarktai-assistant/memory exports GET and POST handlers","duration":1.264299999999821,"failureMessages":[],"meta":{},"tags":[]},{"ancestorTitles":["AmarktAI Assistant route files exist (Phase C)"],"fullName":"AmarktAI Assistant route files exist (Phase C) amarktai-assistant/stream exports POST handler","status":"passed","title":"amarktai-assistant/stream exports POST handler","duration":1.1811999999999898,"failureMessages":[],"meta":{},"tags":[]},{"ancestorTitles":["Research route files exist (Phase H)"],"fullName":"Research route files exist (Phase H) POST /api/admin/research/url route exists","status":"passed","title":"POST /api/admin/research/url route exists","duration":1.7467999999998938,"failureMessages":[],"meta":{},"tags":[]},{"ancestorTitles":["Research route files exist (Phase H)"],"fullName":"Research route files exist (Phase H) GET /api/admin/research/jobs route exists","status":"passed","title":"GET /api/admin/research/jobs route exists","duration":1.0400999999997111,"failureMessages":[],"meta":{},"tags":[]},{"ancestorTitles":["Research route files exist (Phase H)"],"fullName":"Research route files exist (Phase H) POST /api/admin/research/opportunity route exists","status":"passed","title":"POST /api/admin/research/opportunity route exists","duration":0.9385999999999513,"failureMessages":[],"meta":{},"tags":[]},{"ancestorTitles":["Research route files exist (Phase H)"],"fullName":"Research route files exist (Phase H) POST /api/admin/research/send-to-repo-workbench route exists","status":"passed","title":"POST /api/admin/research/send-to-repo-workbench route exists","duration":0.6498000000001412,"failureMessages":[],"meta":{},"tags":[]},{"ancestorTitles":["Research route files exist (Phase H)"],"fullName":"Research route files exist (Phase H) research/url exports POST","status":"passed","title":"research/url exports POST","duration":0.7161000000000968,"failureMessages":[],"meta":{},"tags":[]},{"ancestorTitles":["Research route files exist (Phase H)"],"fullName":"Research route files exist (Phase H) research/jobs exports GET","status":"passed","title":"research/jobs exports GET","duration":0.6999000000000706,"failureMessages":[],"meta":{},"tags":[]},{"ancestorTitles":["Research route files exist (Phase H)"],"fullName":"Research route files exist (Phase H) research/opportunity exports POST","status":"passed","title":"research/opportunity exports POST","duration":0.8581000000003769,"failureMessages":[],"meta":{},"tags":[]},{"ancestorTitles":["Research route files exist (Phase H)"],"fullName":"Research route files exist (Phase H) research/send-to-repo-workbench exports POST","status":"passed","title":"research/send-to-repo-workbench exports POST","duration":0.9854000000000269,"failureMessages":[],"meta":{},"tags":[]},{"ancestorTitles":["Research route files exist (Phase H)"],"fullName":"Research route files exist (Phase H) research/url uses the local crawler with fetch fallback","status":"passed","title":"research/url uses the local crawler with fetch fallback","duration":1.375300000000152,"failureMessages":[],"meta":{},"tags":[]},{"ancestorTitles":["Research route files exist (Phase H)"],"fullName":"Research route files exist (Phase H) research/url saves to artifact store","status":"passed","title":"research/url saves to artifact store","duration":0.8117000000002008,"failureMessages":[],"meta":{},"tags":[]},{"ancestorTitles":["Research route files exist (Phase H)"],"fullName":"Research route files exist (Phase H) research/jobs filters to research_source artifacts","status":"passed","title":"research/jobs filters to research_source artifacts","duration":0.8694000000000415,"failureMessages":[],"meta":{},"tags":[]},{"ancestorTitles":["Approval sub-route files exist (Phase J)"],"fullName":"Approval sub-route files exist (Phase J) POST /api/admin/approvals/[id]/approve route exists","status":"passed","title":"POST /api/admin/approvals/[id]/approve route exists","duration":0.9219000000002779,"failureMessages":[],"meta":{},"tags":[]},{"ancestorTitles":["Approval sub-route files exist (Phase J)"],"fullName":"Approval sub-route files exist (Phase J) POST /api/admin/approvals/[id]/reject route exists","status":"passed","title":"POST /api/admin/approvals/[id]/reject route exists","duration":0.8745000000003529,"failureMessages":[],"meta":{},"tags":[]},{"ancestorTitles":["Approval sub-route files exist (Phase J)"],"fullName":"Approval sub-route files exist (Phase J) approve route exports POST","status":"passed","title":"approve route exports POST","duration":0.8953000000001339,"failureMessages":[],"meta":{},"tags":[]},{"ancestorTitles":["Approval sub-route files exist (Phase J)"],"fullName":"Approval sub-route files exist (Phase J) reject route exports POST","status":"passed","title":"reject route exports POST","duration":2.4865999999997257,"failureMessages":[],"meta":{},"tags":[]},{"ancestorTitles":["Approval sub-route files exist (Phase J)"],"fullName":"Approval sub-route files exist (Phase J) approve route resolves approval and sets decision=approved","status":"passed","title":"approve route resolves approval and sets decision=approved","duration":0.7780999999999949,"failureMessages":[],"meta":{},"tags":[]},{"ancestorTitles":["Approval sub-route files exist (Phase J)"],"fullName":"Approval sub-route files exist (Phase J) reject route resolves approval and sets decision=rejected","status":"passed","title":"reject route resolves approval and sets decision=rejected","duration":0.9454999999998108,"failureMessages":[],"meta":{},"tags":[]},{"ancestorTitles":["Approval sub-route files exist (Phase J)"],"fullName":"Approval sub-route files exist (Phase J) approve and reject both check for existing approval to prevent double-resolve","status":"passed","title":"approve and reject both check for existing app
[...]
 as suggestive_video_planning","status":"passed","title":"classifies \"suggestive video\" as suggestive_video_planning","duration":0.9534000000001015,"failureMessages":[],"meta":{},"tags":[]},{"ancestorTitles":["Suggestive Capability Classification"],"fullName":"Suggestive Capability Classification classifies \"fashion video\" as suggestive_video_planning","status":"passed","title":"classifies \"fashion video\" as suggestive_video_planning","duration":0.9489000000000942,"failureMessages":[],"meta":{},"tags":[]},{"ancestorTitles":["Suggestive Capability Classification"],"fullName":"Suggestive Capability Classification does NOT classify normal chat as suggestive","status":"passed","title":"does NOT classify normal chat as suggestive","duration":0.8778999999999542,"failureMessages":[],"meta":{},"tags":[]},{"ancestorTitles":["HF Fallback for Suggestive Image"],"fullName":"HF Fallback for Suggestive Image HF_FALLBACK_MODELS includes suggestive_image_generation","status":"passed","title":"HF_FALLBACK_MODELS includes suggestive_image_generation","duration":0.6322000000000116,"failureMessages":[],"meta":{},"tags":[]},{"ancestorTitles":["HF Fallback for Suggestive Image"],"fullName":"HF Fallback for Suggestive Image getHfFallback returns models for suggestive_image_generation when HF available","status":"passed","title":"getHfFallback returns models for suggestive_image_generation when HF available","duration":0.5792999999998756,"failureMessages":[],"meta":{},"tags":[]},{"ancestorTitles":["HF Fallback for Suggestive Image"],"fullName":"HF Fallback for Suggestive Image HF fallback notes mention safe-prompt enforcement","status":"passed","title":"HF fallback notes mention safe-prompt enforcement","duration":0.4755000000000109,"failureMessages":[],"meta":{},"tags":[]},{"ancestorTitles":["No Fake Generation Claims"],"fullName":"No Fake Generation Claims suggestive_video_planning label does not contain \"generation\"","status":"passed","title":"suggestive_video_planning label does not contain \"generation\"","duration":0.4169000000001688,"failureMessages":[],"meta":{},"tags":[]},{"ancestorTitles":["No Fake Generation Claims"],"fullName":"No Fake Generation Claims adult_18plus_image NOW HAS a backend route (/api/brain/adult-image)","status":"passed","title":"adult_18plus_image NOW HAS a backend route (/api/brain/adult-image)","duration":0.35400000000004184,"failureMessages":[],"meta":{},"tags":[]},{"ancestorTitles":["No Fake Generation Claims"],"fullName":"No Fake Generation Claims video_generation now has a backend route (async job pipeline implemented)","status":"passed","title":"video_generation now has a backend route (async job pipeline implemented)","duration":0.5472999999999502,"failureMessages":[],"meta":{},"tags":[]},{"ancestorTitles":["No Fake Generation Claims"],"fullName":"No Fake Generation Claims realtime_voice now has a backend route (session endpoint + WS service implemented)","status":"passed","title":"realtime_voice now has a backend route (session endpoint + WS service implemented)","duration":0.3212999999998374,"failureMessages":[],"meta":{},"tags":[]}],"startTime":1782297402268,"endTime":1782297402356.3213,"status":"passed","message":"","name":"C:/amarktai-agent/Amarktai-Network-2/src/lib/__tests__/suggestive-capability.test.ts"},{"assertionResults":[{"ancestorTitles":["Video Planning Truth"],"fullName":"Video Planning Truth video_planning has a backend route","status":"passed","title":"video_planning has a backend route","duration":5.120599999999968,"failureMessages":[],"meta":{},"tags":[]},{"ancestorTitles":["Video Planning Truth"],"fullName":"Video Planning Truth video_planning is labeled as planning, not generation","status":"passed","title":"video_planning is labeled as planning, not generation","duration":1.525199999999927,"failureMessages":[],"meta":{},"tags":[]},{"ancestorTitles":["Video Planning Truth"],"fullName":"Video Planning Truth video_planning resolution returns planning capability","status":"passed","title":"video_planning resolution returns planning capability","duration":3.6663999999999533,"failureMessages":[],"meta":{},"tags":[]},{"ancestorTitles":["Video Planning Truth"],"fullName":"Video Planning Truth video_planning models exist with supports_video_planning flag","status":"passed","title":"video_planning models exist with supports_video_planning flag","duration":0.8085999999999558,"failureMessages":[],"meta":{},"tags":[]},{"ancestorTitles":["Video Planning Truth"],"fullName":"Video Planning Truth video_planning suggested providers include active providers only","status":"passed","title":"video_planning suggested providers include active providers only","duration":3.177500000000009,"failureMessages":[],"meta":{},"tags":[]},{"ancestorTitles":["Video Generation Truth"],"fullName":"Video Generation Truth video_generation has a backend route (async job pipeline)","status":"passed","title":"video_generation has a backend route (async job pipeline)","duration":1.7840999999999667,"failureMessages":[],"meta":{},"tags":[]},{"ancestorTitles":["Video Generation Truth"],"fullName":"Video Generation Truth video_generation is labeled as generation, not planning","status":"passed","title":"video_generation is labeled as generation, not planning","duration":0.9052000000000362,"failureMessages":[],"meta":{},"tags":[]},{"ancestorTitles":["Video Generation Truth"],"fullName":"Video Generation Truth video_generation is unavailable without a configured video provider","status":"passed","title":"video_generation is unavailable without a configured video provider","duration":3.3535000000000537,"failureMessages":[],"meta":{},"tags":[]},{"ancestorTitles":["Video Generation Truth"],"fullName":"Video Generation Truth video_generation shows routeExists=true but unavailable without provider","status":"passed","title":"video_generation shows routeExists=true but unavailable without provider","duration":5.508499999999913,"failureMessages":[],"meta":{},"tags":[]},{"ancestorTitles":["Video Generation Truth"],"fullName":"Video Generation Truth video_planning and video_generation are separate capabilities","status":"passed","title":"video_planning and video_generation are separate capabilities","duration":2.189100000000053,"failureMessages":[],"meta":{},"tags":[]},{"ancestorTitles":["Capability Engine separates planning from generation"],"fullName":"Capability Engine separates planning from generation classifies \"generate a video\" as video_generation","status":"passed","title":"classifies \"generate a video\" as video_generation","duration":8.726299999999924,"failureMessages":[],"meta":{},"tags":[]},{"ancestorTitles":["Capability Engine separates planning from generation"],"fullName":"Capability Engine separates planning from generation classifies \"create a video\" as video_generation","status":"passed","title":"classifies \"create a video\" as video_generation","duration":4.612799999999993,"failureMessages":[],"meta":{},"tags":[]},{"ancestorTitles":["Capability Engine separates planning from generation"],"fullName":"Capability Engine separates planning from generation classifies \"plan a video\" as video_planning","status":"passed","title":"classifies \"plan a video\" as video_planning","duration":0.6761999999999944,"failureMessages":[],"meta":{},"tags":[]},{"ancestorTitles":["Capability Engine separates planning from generation"],"fullName":"Capability Engine separates planning from generation classifies \"storyboard\" as video_planning","status":"passed","title":"classifies \"storyboard\" as video_planning","duration":0.6789999999999736,"failureMessages":[],"meta":{},"tags":[]},{"ancestorTitles":["Capability Engine separates planning from generation"],"fullName":"Capability Engine separates planning from generation classifies \"video script\" as video_planning","status":"passed","title":"classifies \"video script\" as video_planning","duration":0.8356999999999744,"failureMessages":[],"meta":{},"tags":[]},{"ancestorTitles":["Capability Engine separates planning from generation"],"fullName":"Capability Engine separates planning from generation classifies \"reel\" as video_planning","status":"passed","title":"classifies \"reel\" as video_planning","duration":0.5552999999999884,"failureMessages":[],"meta":{},"tags":[]},{"ancestorTitles":["Capability Engine separates planning from generation"],"fullName":"Capability Engine separates planning from generation classifies \"animation\" as video_planning","status":"passed","title":"classifies \"animation\" as video_planning","duration":0.5087000000000899,"failureMessages":[],"meta":{},"tags":[]},{"ancestorTitles":["Capability Engine separates planning from generation"],"fullName":"Capability Engine separates planning from generation video_planning and video_generation both have backend routes (both implemented)","status":"passed","title":"video_planning and video_generation both have backend routes (both implemented)","duration":0.4374000000000251,"failureMessages":[],"meta":{},"tags":[]},{"ancestorTitles":["Capability Engine separates planning from generation"],"fullName":"Capability Engine separates planning from generation video_planning and video_generation have different labels","status":"passed","title":"video_planning and video_generation have different labels","duration":0.4438999999999851,"failureMessages":[],"meta":{},"tags":[]},{"ancestorTitles":["Capability Engine separates planning from generation"],"fullName":"Capability Engine separates planning from generation video_generation requires supports_video_generation flag (not supports_video_planning)","status":"passed","title":"video_generation requires supports_video_generation flag (not supports_video_planning)","duration":1.967300000000023,"failureMessages":[],"meta":{},"tags":[]},{"ancestorTitles":["Capability Engine separates planning from generation"],"fullName":"Capability Engine separates planning from generation video_planning requires only supports_video_planning (no chat fallback)","status":"passed","title":"video_planning requires only supports_video_planning (no chat fallback)","duration":0.656400000000076,"failureMessages":[],"meta":{},"tags":[]},{"ancestorTitles":["Capability Engine separates planning from generation"],"fullName":"Capability Engine separates planning from generation detailed status shows both planning and generation have routes","status":"passed","title":"detailed status shows both planning and generation have routes","duration":1.2741999999999507,"failureMessages":[],"meta":{},"tags":[]},{"ancestorTitles":["HF fallback catalog honesty"],"fullName":"HF fallback catalog honesty HF fallback catalog includes video_generation (HF has zeroscope and text-to-video models)","status":"passed","title":"HF fallback catalog includes video_generation (HF has zeroscope and text-to-video models)","duration":0.3868999999999687,"failureMessages":[],"meta":{},"tags":[]},{"ancestorTitles":["HF fallback catalog honesty"],"fullName":"HF fallback catalog honesty HF fallback catalog does NOT include video_planning","status":"passed","title":"HF fallback catalog does NOT include video_planning","duration":0.3442000000000007,"failureMessages":[],"meta":{},"tags":[]}],"startTime":1782297403624,"endTime":1782297403676.387,"status":"passed","message":"","name":"C:/amarktai-agent/Amarktai-Network-2/src/lib/__tests__/video-capability.test.ts"},{"assertionResults":[{"ancestorTitles":["/api/brain/video-generate/[jobId] artifact linkage"],"fullName":"/api/brain/video-generate/[jobId] artifact linkage persists a completed video job result as an artifact","status":"passed","title":"persists a completed video job result as an artifact","duration":623.7588000000001,"failureMessages":[],"meta":{},"tags":[]}],"startTime":1782297397297,"endTime":1782297397920.7588,"status":"passed","message":"","name":"C:/amarktai-agent/Amarktai-Network-2/src/lib/__tests__/video-job-artifact-link.test.ts"},{"assertionResults":[{"ancestorTitles":["STT Expansion"],"fullName":"STT Expansion has STT models across active providers","status":"passed","title":"has STT models across active providers","duration":5.387299999999982,"failureMessages":[],"meta":{},"tags":[]},{"ancestorTitles":["STT Expansion"],"fullName":"STT Expansion has Groq STT models","status":"passed","title":"has Groq STT models","duration":1.3057999999999765,"failureMessages":[],"meta":{},"tags":[]},{"ancestorTitles":["STT Expansion"],"fullName":"STT Expansion has HuggingFace STT models","status":"passed","title":"has HuggingFace STT models","duration":0.8620999999999412,"failureMessages":[],"meta":{},"tags":[]},{"ancestorTitles":["STT Expansion"],"fullName":"STT Expansion STT models span active providers only","status":"passed","title":"STT models span active providers only","duration":3.2437999999999647,"failureMessages":[],"meta":{},"tags":[]},{"ancestorTitles":["TTS Expansion"],"fullName":"TTS Expansion has TTS models across active providers","status":"passed","title":"has TTS models across active providers","duration":0.8260999999999967,"failureMessages":[],"meta":{},"tags":[]},{"ancestorTitles":["TTS Expansion"],"fullName":"TTS Expansion has Groq TTS models","status":"passed","title":"has Groq TTS models","duration":0.7181999999999107,"failureMessages":[],"meta":{},"tags":[]},{"ancestorTitles":["TTS Expansion"],"fullName":"TTS Expansion has HuggingFace TTS models","status":"passed","title":"has HuggingFace TTS models","duration":0.844600000000014,"failureMessages":[],"meta":{},"tags":[]},{"ancestorTitles":["TTS Expansion"],"fullName":"TTS Expansion TTS models span active providers only","status":"passed","title":"TTS models span active providers only","duration":1.8392999999999802,"failureMessages":[],"meta":{},"tags":[]},{"ancestorTitles":["Fallback Chain Depth"],"fullName":"Fallback Chain Depth STT fallback chain covers active providers","status":"passed","title":"STT fallback chain covers active providers","duration":2.2771000000000186,"failureMessages":[],"meta":{},"tags":[]},{"ancestorTitles":["Fallback Chain Depth"],"fullName":"Fallback Chain Depth TTS fallback chain covers active providers","status":"passed","title":"TTS fallback chain covers active providers","duration":1.073099999999954,"failureMessages":[],"meta":{},"tags":[]},{"ancestorTitles":["Fallback Chain Depth"],"fullName":"Fallback Chain Depth Groq STT models have lowest fallback_priority (preferred)","status":"passed","title":"Groq STT models have lowest fallback_priority (preferred)","duration":1.1990000000000691,"failureMessages":[],"meta":{},"tags":[]},{"ancestorTitles":["Fallback Chain Depth"],"fullName":"Fallback Chain Depth HuggingFace voice models have highest fallback_priority (last resort)","status":"passed","title":"HuggingFace voice models have highest fallback_priority (last resort)","duration":1.030300000000011,"failureMessages":[],"meta":{},"tags":[]},{"ancestorTitles":["Realtime Voice Truth"],"fullName":"Realtime Voice Truth realtime_voice has a backend route (session endpoint + WS service implemented)","status":"passed","title":"realtime_voice has a backend route (session endpoint + WS service implemented)","duration":0.6988999999999805,"failureMessages":[],"meta":{},"tags":[]},{"ancestorTitles":["Realtime Voice Truth"],"fullName":"Realtime Voice Truth realtime_voice is blocked when REALTIME_SERVICE_URL not set","status":"passed","title":"realtime_voice is blocked when REALTIME_SERVICE_URL not set","duration":1.4453999999999496,"failureMessages":[],"meta":{},"tags":[]},{"ancestorTitles":["Realtime Voice Truth"],"fullName":"Realtime Voice Truth realtime_voice classification patterns match via taskType","status":"passed","title":"realtime_voice classification patterns match via taskType","duration":8.270099999999957,"failureMessages":[],"meta":{},"tags":[]},{"ancestorTitles":["Realtime Voice Truth"],"fullName":"Realtime Voice Truth voice_input and voice_output ARE available (not blocked)","status":"passed","title":"voice_input and voice_output ARE available (not blocked)","duration":6.509800000000041,"failureMessages":[],"meta":{},"tags":[]},{"ancestorTitles":["Provider Tier & Cost Accuracy"],"fullName":"Provider Tier & Cost Accuracy all Groq voice models are backbone tier with low cost","status":"passed","title":"all Groq voice models are backbone tier with low cost","duration":2.5851000000000113,"failureMessages":[],"meta":{},"tags":[]},{"ancestorTitles":["Provider Tier & Cost Accuracy"],"fullName":"Provider Tier & Cost Accuracy all HuggingFace voice models are free or very low cost","status":"passed","title":"all HuggingFace voice models are free or very low cost","duration":2.1896000000000413,"failureMessages":[],"meta":{},"tags":[]},{"ancestorTitles":["HF Fallback Catalog Depth"],"fullName":"HF Fallback Catalog Depth voice_input has HF fallback models in catalog","status":"passed","title":"voice_input has HF fallback models in catalog","duration":0.6663999999999533,"failureMessages":[],"meta":{},"tags":[]},{"ancestorTitles":["HF Fallback Catalog Depth"],"fullName":"HF Fallback Catalog Depth voice_output has HF fallback models in catalog","status":"passed","title":"voice_output has HF fallback models in catalog","duration":4.857999999999947,"failureMessages":[],"meta":{},"tags":[]},{"ancestorTitles":["HF Fallback Catalog Depth"],"fullName":"HF Fallback Catalog Depth HF voice_input fallback includes whisper models","status":"passed","title":"HF voice_input fallback includes whisper models","duration":0.7637999999999465,"failureMessages":[],"meta":{},"tags":[]},{"ancestorTitles":["HF Fallback Catalog Depth"],"fullName":"HF Fallback Catalog Depth HF voice_output fallback includes mms-tts models","status":"passed","title":"HF voice_output fallback includes mms-tts models","duration":0.7111999999999625,"failureMessages":[],"meta":{},"tags":[]},{"ancestorTitles":["HF Fallback Catalog Depth"],"fullName":"HF Fallback Catalog Depth HF fallback resolution returns capability for voice_input","status":"passed","title":"HF fallback resolution returns capability for voice_input","duration":0.7203999999999269,"failureMessages":[],"meta":{},"tags":[]},{"ancestorTitles":["HF Fallback Catalog Depth"],"fullName":"HF Fallback Catalog Depth HF fallback resolution returns capability for voice_output","status":"passed","title":"HF fallback resolution returns capability for voice_output","duration":0.37419999999997344,"failureMessages":[],"meta":{},"tags":[]},{"ancestorTitles":["Capability Engine Voice Suggestions"],"fullName":"Capability Engine Voice Suggestions voice_input suggests active providers only","status":"passed","title":"voice_input suggests active providers only","duration":1.2848999999999933,"failureMessages":[],"meta":{},"tags":[]},{"ancestorTitles":["Capability Engine Voice Suggestions"],"fullName":"Capability Engine Voice Suggestions voice_output suggests active providers only","status":"passed","title":"voice_output suggests active providers only","duration":0.929300000000012,"failureMessages":[],"meta":{},"tags":[]},{"ancestorTitles":["Capability Engine Voice Suggestions"],"fullName":"Capability Engine Voice Suggestions realtime_voice suggests genx only","status":"passed","title":"realtime_voice suggests genx only","duration":2.0836000000000467,"failureMessages":[],"meta":{},"tags":[]},{"ancestorTitles":["Total Voice Model Count"],"fullName":"Total Voice Model Count total voice models (STT + TTS) exist","status":"passed","title":"total voice models (STT + TTS) exist","duration":0.5152000000000498,"failureMessages":[],"meta":{},"tags":[]},{"ancestorTitles":["Total Voice Model Count"],"fullName":"Total Voice Model Count no duplicate voice model IDs within same provider","status":"passed","title":"no duplicate voice model IDs within same provider","duration":1.058999999999969,"failureMessages":[],"meta":{},"tags":[]}],"startTime":1782297403912,"endTime":1782297403972.059,"status":"passed","message":"","name":"C:/amarktai-agent/Amarktai-Network-2/src/lib/__tests__/voice-expansion.test.ts"}]}
