{"numTotalTestSuites":342,"numPassedTestSuites":342,"numFailedTestSuites":0,"numPendingTestSuites":0,"numTotalTests":1194,"numPassedTests":1194,"numFailedTests":0,"numPendingTests":0,"numTodoTests":0,"snapshot":{"added":0,"failure":false,"filesAdded":0,"filesRemoved":0,"filesRemovedList":[],"filesUnmatched":0,"filesUpdated":0,"matched":0,"total":0,"unchecked":0,"uncheckedKeysByFile":[],"unmatched":0,"updated":0,"didUpdate":false},"startTime":1782306378673,"success":true,"testResults":[{"assertionResults":[{"ancestorTitles":["Agent Audit System","auditAllAgents"],"fullName":"Agent Audit System auditAllAgents audits all 16 registered agents","status":"passed","title":"audits all 16 registered agents","duration":8.647600000000011,"failureMessages":[],"meta":{},"tags":[]},{"ancestorTitles":["Agent Audit System","auditAllAgents"],"fullName":"Agent Audit System auditAllAgents returns correct summary counts","status":"passed","title":"returns correct summary counts","duration":0.9321999999999662,"failureMessages":[],"meta":{},"tags":[]},{"ancestorTitles":["Agent Audit System","auditAllAgents"],"fullName":"Agent Audit System auditAllAgents every agent has required audit fields","status":"passed","title":"every agent has required audit fields","duration":16.424199999999928,"failureMessages":[],"meta":{},"tags":[]},{"ancestorTitles":["Agent Audit System","auditAllAgents"],"fullName":"Agent Audit System auditAllAgents agents with callable + registered providers are at least PARTIAL","status":"passed","title":"agents with callable + registered providers are at least PARTIAL","duration":0.6920000000000073,"failureMessages":[],"meta":{},"tags":[]},{"ancestorTitles":["Agent Audit System","auditAllAgents"],"fullName":"Agent Audit System auditAllAgents agents with uncallable providers are NOT_CONNECTED","status":"passed","title":"agents with uncallable providers are NOT_CONNECTED","duration":0.6621999999999844,"failureMessages":[],"meta":{},"tags":[]},{"ancestorTitles":["Agent Audit System","auditAllAgents"],"fullName":"Agent Audit System auditAllAgents READY agents have zero diagnostic reasons","status":"passed","title":"READY agents have zero diagnostic reasons","duration":0.5552999999999884,"failureMessages":[],"meta":{},"tags":[]},{"ancestorTitles":["Agent Audit System","auditAllAgents"],"fullName":"Agent Audit System auditAllAgents non-READY agents have at least one diagnostic reason","status":"passed","title":"non-READY agents have at least one diagnostic reason","duration":2.265899999999874,"failureMessages":[],"meta":{},"tags":[]},{"ancestorTitles":["Agent Audit System","auditAllAgents"],"fullName":"Agent Audit System auditAllAgents includes auditedAt timestamp in summary","status":"passed","title":"includes auditedAt timestamp in summary","duration":0.8413000000000466,"failureMessages":[],"meta":{},"tags":[]},{"ancestorTitles":["Agent Audit System","getAgentReadiness"],"fullName":"Agent Audit System getAgentReadiness returns audit entry for known agent type","status":"passed","title":"returns audit entry for known agent type","duration":2.118199999999888,"failureMessages":[],"meta":{},"tags":[]},{"ancestorTitles":["Agent Audit System","getAgentReadiness"],"fullName":"Agent Audit System getAgentReadiness returns null for unknown agent type","status":"passed","title":"returns null for unknown agent type","duration":0.7681999999999789,"failureMessages":[],"meta":{},"tags":[]},{"ancestorTitles":["Agent Audit System","getAgentReadiness"],"fullName":"Agent Audit System getAgentReadiness planner agent uses openai (callable) provider","status":"passed","title":"planner agent uses openai (callable) provider","duration":0.6921999999999571,"failureMessages":[],"meta":{},"tags":[]},{"ancestorTitles":["Agent Audit System","getAgentReadiness"],"fullName":"Agent Audit System getAgentReadiness retrieval agent uses openai (callable) provider","status":"passed","title":"retrieval agent uses openai (callable) provider","duration":0.5225000000000364,"failureMessages":[],"meta":{},"tags":[]},{"ancestorTitles":["Agent Audit System","getAgentReadiness"],"fullName":"Agent Audit System getAgentReadiness creative agent uses gemini (callable) provider","status":"passed","title":"creative agent uses gemini (callable) provider","duration":0.4615000000001146,"failureMessages":[],"meta":{},"tags":[]},{"ancestorTitles":["Agent Audit System","getAgentReadiness"],"fullName":"Agent Audit System getAgentReadiness security agent is openai-based (callable)","status":"passed","title":"security agent is openai-based (callable)","duration":0.37239999999997053,"failureMessages":[],"meta":{},"tags":[]},{"ancestorTitles":["Agent Audit System","getAgentReadiness"],"fullName":"Agent Audit System getAgentReadiness travel_planner agent uses gemini (callable)","status":"passed","title":"travel_planner agent uses gemini (callable)","duration":0.39059999999994943,"failureMessages":[],"meta":{},"tags":[]},{"ancestorTitles":["Agent Audit System","specific agent classifications"],"fullName":"Agent Audit System specific agent classifications classifies openai-based agents correctly","status":"passed","title":"classifies openai-based agents correctly","duration":1.8147999999998774,"failureMessages":[],"meta":{},"tags":[]},{"ancestorTitles":["Agent Audit System","specific agent classifications"],"fullName":"Agent Audit System specific agent classifications agents with handoff targets reference valid agents","status":"passed","title":"agents with handoff targets reference valid agents","duration":1.5670000000000073,"failureMessages":[],"meta":{},"tags":[]},{"ancestorTitles":["Adult Mode Enforcement","safety config management"],"fullName":"Adult Mode Enforcement safety config management defaults to safe mode ON, adult mode OFF","status":"passed","title":"defaults to safe mode ON, adult mode OFF","duration":9.124700000000075,"failureMessages":[],"meta":{},"tags":[]},{"ancestorTitles":["Adult Mode Enforcement","safety config management"],"fullName":"Adult Mode Enforcement safety config management can disable safe mode","status":"passed","title":"can disable safe mode","duration":1.843900000000076,"failureMessages":[],"meta":{},"tags":[]},{"ancestorTitles":["Adult Mode Enforcement","safety config management"],"fullName":"Adult Mode Enforcement safety config management can enable adult mode when safe mode is off","status":"passed","title":"can enable adult mode when safe mode is off","duration":5.789700000000039,"failureMessages":[],"meta":{},"tags":[]},{"ancestorTitles":["Adult Mode Enforcement","safety config management"],"fullName":"Adult Mode Enforcement safety config management adult mode is automatically disabled when safe mode is on","status":"passed","title":"adult mode is automatically disabled when safe mode is on","duration":1.7515000000000782,"failureMessages":[],"meta":{},"tags":[]},{"ancestorTitles":["Adult Mode Enforcement","safety config management"],"fullName":"Adult Mode Enforcement safety config management per-app configs are isolated","status":"passed","title":"per-app configs are isolated","duration":2.8023000000000593,"failureMessages":[],"meta":{},"tags":[]},{"ancestorTitles":["Adult Mode Enforcement","capability engine enforcement"],"fullName":"Adult Mode Enforcement capability engine enforcement adult_18plus_image backend route NOW EXISTS (/api/brain/adult-image)","status":"passed","title":"adult_18plus_image backend route NOW EXISTS (/api/brain/adult-image)","duration":1.3003999999998541,"failureMessages":[],"meta":{},"tags":[]},{"ancestorTitles":["Adult Mode Enforcement","capability engine enforcement"],"fullName":"Adult Mode Enforcement capability engine enforcement blocks adult capability without adultMode flag (adult mode guard fires)","status":"passed","title":"blocks adult capability without adultMode flag (adult mode guard fires)","duration":3.535000000000082,"failureMessages":[],"meta":{},"tags":[]},{"ancestorTitles":["Adult Mode Enforcement","capability engine enforcement"],"fullName":"Adult Mode Enforcement capability engine enforcement blocks adult capability without adultMode flag","status":"passed","title":"blocks adult capability without adultMode flag","duration":0.8559999999999945,"failureMessages":[],"meta":{},"tags":[]},{"ancestorTitles":["Adult Mode Enforcement","capability engine enforcement"],"fullName":"Adult Mode Enforcement capability engine enforcement blocks adult capability without explicit adultMode (undefined)","status":"passed","title":"blocks adult capability without explicit adultMode (undefined)","duration":1.0791000000001532,"failureMessages":[],"meta":{},"tags":[]},{"ancestorTitles":["Adult Mode Enforcement","capability engine enforcement"],"fullName":"Adult Mode Enforcement capability engine enforcement non-adult capabilities are not affected by adultMode flag","status":"passed","title":"non-adult capabilities are not affected by adultMode flag","duration":1.2699999999999818,"failureMessages":[],"meta":{},"tags":[]}],"startTime":1782306386893,"endTime":1782306386965.27,"status":"passed","message":"","name":"C:/amarktai-agent/Amarktai-Network-2/src/lib/__tests__/adult-agent-audit.test.ts"},{"assertionResults":[{"ancestorTitles":["Adult Capability Backend Route"],"fullName":"Adult Capability Backend Route adult_18plus_image HAS a backend route (/api/brain/adult-image)","status":"passed","title":"adult_18plus_image HAS a backend route (/api/brain/adult-image)","duration":5.060100000000034,"failureMessages":[],"meta":{},"tags":[]},{"ancestorTitles":["Adult Capability Backend Route"],"fullName":"Adult Capability Backend Route adult_18plus_image is in CAPABILITY_MAP","status":"passed","title":"adult_18plus_image is in CAPABILITY_MAP","duration":1.2632000000000971,"failureMessages":[],"meta":{},"tags":[]},{"ancestorTitles":["Adult Capability Backend Route"],"fullName":"Adult Capability Backend Route adult_18plus_image shows routeExists=true in detailed status","status":"passed","title":"adult_18plus_image shows routeExists=true in detailed status","duration":4.7450999999999794,"failureMessages":[],"meta":{},"tags":[]},{"ancestorTitles":["Adult Capability Backend Route"],"fullName":"Adult Capability Backend Route adult capability is blocked without adultMode flag","status":"passed","title":"adult capability is blocked without adultMode flag","duration":0.9298999999999751,"failureMessages":[],"meta":{},"tags":[]},{"ancestorTitles":["Adult Capability Backend Route"],"fullName":"Adult Capability Backend Route adult capability is blocked when adultMode is undefined","status":"passed","title":"adult capability is blocked when adultMode is undefined","duration":0.7369999999998527,"failureMessages":[],"meta":{},"tags":[]},{"ancestorTitles":["Adult Capability Backend Route"],"fullName":"Adult Capability Backend Route adult capability resolves (available=true) when adultMode=true and provider exists","status":"passed","title":"adult capability resolves (available=true) when adultMode=true and provider exists","duration":1.7445000000000164,"failureMessages":[],"meta":{},"tags":[]},{"ancestorTitles":["Adult Mode Hidden By Default"],"fullName":"Adult Mode Hidden By Default new apps default to safeMode=true, adultMode=false","status":"passed","title":"new apps default to safeMode=true, adultMode=false","duration":0.9866000000001804,"failureMessages":[],"meta":{},"tags":[]},{"ancestorTitles":["Adult Mode Hidden By Default"],"fullName":"Adult Mode Hidden By Default adultMode cannot be enabled while safeMode is on","status":"passed","title":"adultMode cannot be enabled while safeMode is on","duration":7.2309999999999945,"failureMessages":[],"meta":{},"tags":[]},{"ancestorTitles":["Adult Mode Hidden By Default"],"fullName":"Adult Mode Hidden By Default adultMode requires explicit safeMode=false first","status":"passed","title":"adultMode requires explicit safeMode=false first","duration":3.2487999999998465,"failureMessages":[],"meta":{},"tags":[]},{"ancestorTitles":["Adult Mode Per-App Isolation"],"fullName":"Adult Mode Per-App Isolation enabling adult mode on one app does not affect another","status":"passed","title":"enabling adult mode on one app does not affect another","duration":5.34010000000012,"failureMessages":[],"meta":{},"tags":[]},{"ancestorTitles":["Adult Mode Per-App Isolation"],"fullName":"Adult Mode Per-App Isolation disabling safe mode on one app does not affect another","status":"passed","title":"disabling safe mode on one app does not affect another","duration":3.2079000000001088,"failureMessages":[],"meta":{},"tags":[]},{"ancestorTitles":["Always-Blocked Categories"],"fullName":"Always-Blocked Categories CSAM is detected by keyword scanner","status":"passed","title":"CSAM is detected by keyword scanner","duration":11.996599999999944,"failureMessages":[],"meta":{},"tags":[]},{"ancestorTitles":["Always-Blocked Categories"],"fullName":"Always-Blocked Categories non-consensual content is detected","status":"passed","title":"non-consensual content is detected","duration":8.565800000000081,"failureMessages":[],"meta":{},"tags":[]},{"ancestorTitles":["Always-Blocked Categories"],"fullName":"Always-Blocked Categories violence/weapons instructions are detected","status":"passed","title":"violence/weapons instructions are detected","duration":2.6867999999999483,"failureMessages":[],"meta":{},"tags":[]},{"ancestorTitles":["Always-Blocked Categories"],"fullName":"Always-Blocked Categories self-harm content is detected","status":"passed","title":"self-harm content is detected","duration":0.6916000000001077,"failureMessages":[],"meta":{},"tags":[]},{"ancestorTitles":["Always-Blocked Categories"],"fullName":"Always-Blocked Categories hate speech is detected","status":"passed","title":"hate speech is detected","duration":1.3649999999997817,"failureMessages":[],"meta":{},"tags":[]},{"ancestorTitles":["Always-Blocked Categories"],"fullName":"Always-Blocked Categories terrorism/extremism is detected","status":"passed","title":"terrorism/extremism is detected","duration":1.0865999999998621,"failureMessages":[],"meta":{},"tags":[]},{"ancestorTitles":["Always-Blocked Categories"],"fullName":"Always-Blocked Categories radicalization content is detected","status":"passed","title":"radicalization content is detected","duration":0.5869999999999891,"failureMessages":[],"meta":{},"tags":[]},{"ancestorTitles":["Always-Blocked Categories"],"fullName":"Always-Blocked Categories safe content is not flagged","status":"passed","title":"safe content is not flagged","duration":1.2560000000000855,"failureMessages":[],"meta":{},"tags":[]},{"ancestorTitles":["Blocked Explanation Coverage"],"fullName":"Blocked Explanation Coverage every FlagCategory has a user-friendly explanation","status":"passed","title":"every FlagCategory has a user-friendly explanation","duration":1.3806999999999334,"failureMessages":[],"meta":{},"tags":[]},{"ancestorTitles":["Blocked Explanation Coverage"],"fullName":"Blocked Explanation Coverage terrorism explanation mentions terrorism/extremism","status":"passed","title":"terrorism explanation mentions terrorism/extremism","duration":0.38780000000019754,"failureMessages":[],"meta":{},"tags":[]},{"ancestorTitles":["Blocked Explanation Coverage"],"fullName":"Blocked Explanation Coverage CSAM explanation mentions minors","status":"passed","title":"CSAM explanation mentions minors","duration":0.36199999999985266,"failureMessages":[],"meta":{},"tags":[]},{"ancestorTitles":["Adult Content Classification"],"fullName":"Adult Content Classification classifies \"adult\" keyword as adult_18plus_image","status":"passed","title":"classifies \"adult\" keyword as adult_18plus_image","duration":3.8122000000000753,"failureMessages":[],"meta":{},"tags":[]},{"ancestorTitles":["Adult Content Classification"],"fullName":"Adult Content Classification classifies \"nsfw\" as adult_18plus_image","status":"passed","title":"classifies \"nsfw\" as adult_18plus_image","duration":4.955299999999852,"failureMessages":[],"meta":{},"tags":[]},{"ancestorTitles":["Adult Content Classification"],"fullName":"Adult Content Classification classifies \"18+\" as adult_18plus_image","status":"passed","title":"classifies \"18+\" as adult_18plus_image","duration":0.8334000000002106,"failureMessages":[],"meta":{},"tags":[]},{"ancestorTitles":["Adult Content Classification"],"fullName":"Adult Content Classification classifies \"explicit\" as adult_18plus_image","status":"passed","title":"classifies \"explicit\" as adult_18plus_image","duration":1.0109999999999673,"failureMessages":[],"meta":{},"tags":[]},{"ancestorTitles":["Adult Content Classification"],"fullName":"Adult Content Classification does NOT classify normal requests as adult","status":"passed","title":"does NOT classify normal requests as adult","duration":0.8904999999999745,"failureMessages":[],"meta":{},"tags":[]},{"ancestorTitles":["HF Fallback Has Adult Models"],"fullName":"HF Fallback Has Adult Models HF_FALLBACK_MODELS includes adult_18plus_image models","status":"passed","title":"HF_FALLBACK_MODELS includes adult_18plus_image models","duration":0.6272999999998774,"failureMessages":[],"meta":{},"tags":[]},{"ancestorTitles":["HF Fallback Has Adult Models"],"fullName":"HF Fallback Has Adult Models getHfFallback for adult returns models list from catalog (provider state independent)","status":"passed","title":"getHfFallback for adult returns models list from catalog (provider state independent)","duration":0.4256000000000313,"failureMessages":[],"meta":{},"tags":[]},{"ancestorTitles":["HF Fallback Has Adult Models"],"fullName":"HF Fallback Has Adult Models HF adult models include RealVisXL","status":"passed","title":"HF adult models include RealVisXL","duration":0.5256000000001677,"failureMessages":[],"meta":{},"tags":[]},{"ancestorTitles":["Adult Mode Does Not Affect Non-Adult Capabilities"],"fullName":"Adult Mode Does Not Affect Non-Adult Capabilities general_chat is not blocked by adultMode=false","status":"passed","title":"general_chat is not blocked by adultMode=false","duration":0.6129000000000815,"failureMessages":[],"meta":{},"tags":[]},{"ancestorTitles":["Adult Mode Does Not Affect Non-Adult Capabilities"],"fullName":"Adult Mode Does Not Affect Non-Adult Capabilities image_generation is not blocked by adultMode=false","status":"passed","title":"image_generation is not blocked by adultMode=false","duration":0.5415000000000418,"failureMessages":[],"meta":{},"tags":[]},{"ancestorTitles":["Adult Blocker Messaging"],"fullName":"Adult Blocker Messaging adult mode requirement message fires when adultMode=false","status":"passed","title":"adult mode requirement message fires when adultMode=false","duration":0.564600000000155,"failureMessages":[],"meta":{},"tags":[]},{"ancestorTitles":["Adult Blocker Messaging"],"fullName":"Adult Blocker Messaging adult mode requirement message fires when adultMode=undefined","status":"passed","title":"adult mode requirement message fires when adultMode=undefined","duration":1.2273999999999887,"failureMessages":[],"meta":{},"tags":[]},{"ancestorTitles":["Adult Blocker Messaging"],"fullName":"Adult Blocker Messaging no backend-route-missing message appears for adult_18plus_image","status":"passed","title":"no backend-route-missing message appears for adult_18plus_image","duration":0.6247000000000753,"failureMessages":[],"meta":{},"tags":[]}],"startTime":1782306385981,"endTime":1782306386065.6248,"status":"passed","message":"","name":"C:/amarktai-agent/Amarktai-Network-2/src/lib/__tests__/adult-capability.test.ts"},{"assertionResults":[{"ancestorTitles":["adult and media capability routing"],"fullName":"adult and media capability routing routes adult_text to a real text provider route","status":"passed","title":"routes adult_text to a real text provider route","duration":12.353999999999928,"failureMessages":[],"meta":{},"tags":[]},{"ancestorTitles":["adult and media capability routing"],"fullName":"adult and media capability routing routes adult_image to image generation","status":"passed","title":"routes adult_image to image generation","duration":1.838200000000029,"failureMessages":[],"meta":{},"tags":[]},{"ancestorTitles":["adult and media capability routing"],"fullName":"adult and media capability routing routes adult_video only to real video executors","status":"passed","title":"routes adult_video only to real video executors","duration":6.571100000000001,"failureMessages":[],"meta":{},"tags":[]},{"ancestorTitles":["adult and media capability routing"],"fullName":"adult and media capability routing routes adult_voice through audio/TTS executors","status":"passed","title":"routes adult_voice through audio/TTS executors","duration":1.1896999999999025,"failureMessages":[],"meta":{},"tags":[]},{"ancestorTitles":["adult and media capability routing"],"fullName":"adult and media capability routing blocks adult capabilities when policy is disabled","status":"passed","title":"blocks adult capabilities when policy is disabled","duration":1.4787000000000035,"failureMessages":[],"meta":{},"tags":[]},{"ancestorTitles":["adult and media capability routing"],"fullName":"adult and media capability routing returns a clear provider error for providers outside the mesh","status":"passed","title":"returns a clear provider error for providers outside the mesh","duration":0.9505000000000337,"failureMessages":[],"meta":{},"tags":[]},{"ancestorTitles":["adult and media capability routing"],"fullName":"adult and media capability routing declares every required capability as first class","status":"passed","title":"declares every required capability as first class","duration":1.128500000000031,"failureMessages":[],"meta":{},"tags":[]}],"startTime":1782306390291,"endTime":1782306390318.1284,"status":"passed","message":"","name":"C:/amarktai-agent/Amarktai-Network-2/src/lib/__tests__/adult-media-routing.test.ts"},{"assertionResults":[{"ancestorTitles":["adult-model-catalog"],"fullName":"adult-model-catalog catalogs DavidAU adult creative text models separately from image/video models","status":"passed","title":"catalogs DavidAU adult creative text models separately from image/video models","duration":7.177400000000034,"failureMessages":[],"meta":{},"tags":[]},{"ancestorTitles":["adult-model-catalog"],"fullName":"adult-model-catalog has a deterministic preferred default model","status":"passed","title":"has a deterministic preferred default model","duration":2.435799999999972,"failureMessages":[],"meta":{},"tags":[]},{"ancestorTitles":["adult-model-catalog"],"fullName":"adult-model-catalog catalogs Hugging Face NSFW search image models separately from text models","status":"passed","title":"catalogs Hugging Face NSFW search image models separately from text models","duration":2.547700000000077,"failureMessages":[],"meta":{},"tags":[]},{"ancestorTitles":["adult-model-catalog"],"fullName":"adult-model-catalog keeps adult video candidates experimental until a specialist endpoint exists","status":"passed","title":"keeps adult video candidates experimental until a specialist endpoint exists","duration":0.870900000000006,"failureMessages":[],"meta":{},"tags":[]}],"startTime":1782306389524,"endTime":1782306389536.8708,"status":"passed","message":"","name":"C:/amarktai-agent/Amarktai-Network-2/src/lib/__tests__/adult-model-catalog.test.ts"},{"assertionResults":[{"ancestorTitles":["/api/brain/adult-text"],"fullName":"/api/brain/adult-text refuses degrading prompts before provider execution","status":"passed","title":"refuses degrading prompts before provider execution","duration":537.4114999999997,"failureMessages":[],"meta":{},"tags":[]},{"ancestorTitles":["/api/brain/adult-text"],"fullName":"/api/brain/adult-text requires an endpoint for cataloged Hugging Face GGUF adult text models","status":"passed","title":"requires an endpoint for cataloged Hugging Face GGUF adult text models","duration":11.296399999999721,"failureMessages":[],"meta":{},"tags":[]},{"ancestorTitles":["/api/brain/adult-text"],"fullName":"/api/brain/adult-text executes adult text through Together chat completions","status":"passed","title":"executes adult text through Together chat completions","duration":11.622100000000046,"failureMessages":[],"meta":{},"tags":[]},{"ancestorTitles":["/api/brain/adult-text"],"fullName":"/api/brain/adult-text routes adult_text capability through specialist providers without GenX fallback","status":"passed","title":"routes adult_text capability through specialist providers without GenX fallback","duration":1160.1898,"failureMessages":[],"meta":{},"tags":[]}],"startTime":1782306381066,"endTime":1782306382787.1897,"status":"passed","message":"","name":"C:/amarktai-agent/Amarktai-Network-2/src/lib/__tests__/adult-text-route.test.ts"},{"assertionResults":[{"ancestorTitles":["Agent Runtime","getAgentDefinitions"],"fullName":"Agent Runtime getAgentDefinitions returns definitions for all 18 agents","status":"passed","title":"returns definitions for all 18 agents","duration":5.738400000000183,"failureMessages":[],"meta":{},"tags":[]},{"ancestorTitles":["Agent Runtime","getAgentDefinitions"],"fullName":"Agent Runtime getAgentDefinitions includes all required agent types","status":"passed","title":"includes all required agent types","duration":4.380300000000034,"failureMessages":[],"meta":{},"tags":[]},{"ancestorTitles":["Agent Runtime","getAgentDefinitions"],"fullName":"Agent Runtime getAgentDefinitions every agent has capabilities defined","status":"passed","title":"every agent has capabilities defined","duration":2.058899999999994,"failureMessages":[],"meta":{},"tags":[]},{"ancestorTitles":["Agent Runtime","getAgentDefinition"],"fullName":"Agent Runtime getAgentDefinition returns definition for specific agent type","status":"passed","title":"returns definition for specific agent type","duration":0.7114999999998872,"failureMessages":[],"meta":{},"tags":[]},{"ancestorTitles":["Agent Runtime","getAgentDefinition"],"fullName":"Agent Runtime getAgentDefinition throws for unknown type","status":"passed","title":"throws for unknown type","duration":2.250099999999975,"failureMessages":[],"meta":{},"tags":[]},{"ancestorTitles":["Agent Runtime","createAgentTask"],"fullName":"Agent Runtime createAgentTask creates a task with generated id for permitted app","status":"passed","title":"creates a task with generated id for permitted app","duration":2.1070000000001983,"failureMessages":[],"meta":{},"tags":[]},{"ancestorTitles":["Agent Runtime","createAgentTask"],"fullName":"Agent Runtime createAgentTask throws when app lacks permission","status":"passed","title":"throws when app lacks permission","duration":1.3081999999999425,"failureMessages":[],"meta":{},"tags":[]},{"ancestorTitles":["Agent Runtime","getAgentStatus"],"fullName":"Agent Runtime getAgentStatus returns runtime status summary","status":"passed","title":"returns runtime status summary","duration":1.6963000000000648,"failureMessages":[],"meta":{},"tags":[]},{"ancestorTitles":["Agent Runtime","isAgentPermitted"],"fullName":"Agent Runtime isAgentPermitted checks permission based on app profile","status":"passed","title":"checks permission based on app profile","duration":1.7398000000000593,"failureMessages":[],"meta":{},"tags":[]},{"ancestorTitles":["Agent Runtime","agent handoff rules"],"fullName":"Agent Runtime agent handoff rules planner can hand off to router","status":"passed","title":"planner can hand off to router","duration":2.6816999999998643,"failureMessages":[],"meta":{},"tags":[]},{"ancestorTitles":["Agent Runtime","agent handoff rules"],"fullName":"Agent Runtime agent handoff rules campaign can hand off to creative","status":"passed","title":"campaign can hand off to creative","duration":0.9936000000000149,"failureMessages":[],"meta":{},"tags":[]},{"ancestorTitles":["Agent Runtime","agent handoff rules"],"fullName":"Agent Runtime agent handoff rules voice agent can hand off to creative","status":"passed","title":"voice agent can hand off to creative","duration":0.6177999999999884,"failureMessages":[],"meta":{},"tags":[]},{"ancestorTitles":["Agent Runtime","agent handoff rules"],"fullName":"Agent Runtime agent handoff rules developer agent can hand off to validator","status":"passed","title":"developer agent can hand off to validator","duration":0.5317999999999756,"failureMessages":[],"meta":{},"tags":[]},{"ancestorTitles":["Agent Runtime","new agent types"],"fullName":"Agent Runtime new agent types security agent has anomaly detection capability","status":"passed","title":"security agent has anomaly detection capability","duration":0.5368000000000848,"failureMessages":[],"meta":{},"tags":[]},{"ancestorTitles":["Agent Runtime","new agent types"],"fullName":"Agent Runtime new agent types voice agent has tts script generation capability","status":"passed","title":"voice agent has tts script generation capability","duration":0.6543000000001484,"failureMessages":[],"meta":{},"tags":[]},{"ancestorTitles":["Agent Runtime","new agent types"],"fullName":"Agent Runtime new agent types travel planner agent has itinerary generation capability","status":"passed","title":"travel planner agent has itinerary generation capability","duration":0.5239000000001397,"failureMessages":[],"meta":{},"tags":[]},{"ancestorTitles":["Agent Runtime","new agent types"],"fullName":"Agent Runtime new agent types developer agent has code generation capability","status":"passed","title":"developer agent has code generation capability","duration":0.4718000000000302,"failureMessages":[],"meta":{},"tags":[]},{"ancestorTitles":["Agent Runtime","new agent types"],"fullName":"Agent Runtime new agent types support_community agent has support routing capability","status":"passed","title":"support_community agent has support routing capability","duration":0.7439999999999145,"failureMessages":[],"meta":{},"tags":[]},{"ancestorTitles":["Agent Runtime","new agent types"],"fullName":"Agent Runtime new agent types healing agent has failure detection capability","status":"passed","title":"healing agent has failure detection capability","duration":0.5300999999999476,"failureMessages":[],"meta":{},"tags":[]}],"startTime":1782306388170,"endTime":1782306388203.53,"status":"passed","message":"","name":"C:/amarktai-agent/Amarktai-Network-2/src/lib/__tests__/agent-runtime.test.ts"},{"assertionResults":[{"ancestorTitles":["Coding Agent"],"fullName":"Coding Agent exports all expected functions","status":"passed","title":"exports all expected functions","duration":5.946899999999914,"failureMessages":[],"meta":{},"tags":[]},{"ancestorTitles":["Coding Agent","getProjectTypes"],"fullName":"Coding Agent getProjectTypes returns all 5 project types","status":"passed","title":"returns all 5 project types","duration":3.7257999999999356,"failureMessages":[],"meta":{},"tags":[]},{"ancestorTitles":["Coding Agent","getProjectTypes"],"fullName":"Coding Agent getProjectTypes each project type has required fields","status":"passed","title":"each project type has required fields","duration":2.8920000000000528,"failureMessages":[],"meta":{},"tags":[]},{"ancestorTitles":["Coding Agent","generateApp"],"fullName":"Coding Agent generateApp generates a nextjs project","status":"passed","title":"generates a nextjs project","duration":5.962099999999964,"failureMessages":[],"meta":{},"tags":[]},{"ancestorTitles":["Coding Agent","generateApp"],"fullName":"Coding Agent generateApp generates a react project","status":"passed","title":"generates a react project","duration":1.8277000000000498,"failureMessages":[],"meta":{},"tags":[]},{"ancestorTitles":["Coding Agent","generateApp"],"fullName":"Coding Agent generateApp generates a express project","status":"passed","title":"generates a express project","duration":1.626299999999901,"failureMessages":[],"meta":{},"tags":[]},{"ancestorTitles":["Coding Agent","generateApp"],"fullName":"Coding Agent generateApp generates a flask project","status":"passed","title":"generates a flask project","duration":1.7691999999999553,"failureMessages":[],"meta":{},"tags":[]},{"ancestorTitles":["Coding Agent","generateApp"],"fullName":"Coding Agent generateApp generates a static project","status":"passed","title":"generates a static project","duration":1.6415999999999258,"failureMessages":[],"meta":{},"tags":[]},{"ancestorTitles":["Coding Agent","generateApp"],"fullName":"Coding Agent generateApp generates files with path, content, and language","status":"passed","title":"generates files with path, content, and language","duration":3.161200000000008,"failureMessages":[],"meta":{},"tags":[]},{"ancestorTitles":["Coding Agent","generateApp"],"fullName":"Coding Agent generateApp adds test files when refined with testing feedback","status":"passed","title":"adds test files when refined with testing feedback","duration":1.978399999999965,"failureMessages":[],"meta":{},"tags":[]},{"ancestorTitles":["Coding Agent","generateApp"],"fullName":"Coding Agent generateApp respects includeDocker option","status":"passed","title":"respects includeDocker option","duration":1.6364000000000942,"failureMessages":[],"meta":{},"tags":[]},{"ancestorTitles":["Coding Agent","generateApp"],"fullName":"Coding Agent generateApp history event is type \"generate\"","status":"passed","title":"history event is type \"generate\"","duration":1.1107999999999265,"failureMessages":[],"meta":{},"tags":[]},{"ancestorTitles":["Coding Agent","refineApp"],"fullName":"Coding Agent refineApp refines an existing session","status":"passed","title":"refines an existing session","duration":1.3773000000001048,"failureMessages":[],"meta":{},"tags":[]},{"ancestorTitles":["Coding Agent","refineApp"],"fullName":"Coding Agent refineApp refinement event has type \"refine\"","status":"passed","title":"refinement event has type \"refine\"","duration":0.85349999999994,"failureMessages":[],"meta":{},"tags":[]},{"ancestorTitles":["Coding Agent","getSessionHistory"],"fullName":"Coding Agent getSessionHistory returns history for a valid session","status":"passed","title":"returns history for a valid session","duration":1.1046999999998661,"failureMessages":[],"meta":{},"tags":[]},{"ancestorTitles":["Coding Agent","getSessionHistory"],"fullName":"Coding Agent getSessionHistory throws for unknown session","status":"passed","title":"throws for unknown session","duration":2.0293000000001484,"failureMessages":[],"meta":{},"tags":[]},{"ancestorTitles":["Coding Agent","getSession / listSessions"],"fullName":"Coding Agent getSession / listSessions getSession returns null for unknown id","status":"passed","title":"getSession returns null for unknown id","duration":0.3875000000000455,"failureMessages":[],"meta":{},"tags":[]},{"ancestorTitles":["Coding Agent","getSession / listSessions"],"fullName":"Coding Agent getSession / listSessions listSessions includes created sessions","status":"passed","title":"listSessions includes created sessions","duration":34.01139999999987,"failureMessages":[],"meta":{},"tags":[]},{"ancestorTitles":["API Route Files"],"fullName":"API Route Files batch/route.ts exists","status":"passed","title":"batch/route.ts exists","duration":0.7166999999999462,"failureMessages":[],"meta":{},"tags":[]},{"ancestorTitles":["API Route Files"],"fullName":"API Route Files brain/request/route.ts exists","status":"passed","title":"brain/request/route.ts exists","duration":0.7717000000000098,"failureMessages":[],"meta":{},"tags":[]},{"ancestorTitles":["API Route Files"],"fullName":"API Route Files brain/stream/route.ts exists","status":"passed","title":"brain/stream/route.ts exists","duration":0.7462999999997919,"failureMessages":[],"meta":{},"tags":[]},{"ancestorTitles":["API Route Files"],"fullName":"API Route Files guardrails/route.ts exists","status":"passed","title":"guardrails/route.ts exists","duration":0.7652000000000498,"failureMessages":[],"meta":{},"tags":[]},{"ancestorTitles":["API Route Files"],"fullName":"API Route Files prompts/route.ts exists","status":"passed","title":"prompts/route.ts exists","duration":0.690900000000056,"failureMessages":[],"meta":{},"tags":[]},{"ancestorTitles":["API Route Files"],"fullName":"API Route Files rag/route.ts exists","status":"passed","title":"rag/route.ts exists","duration":0.5162000000000262,"failureMessages":[],"meta":{},"tags":[]},{"ancestorTitles":["API Route Files"],"fullName":"API Route Files tools/route.ts exists","status":"passed","title":"tools/route.ts exists","duration":0.5043000000000575,"failureMessages":[],"meta":{},"tags":[]},{"ancestorTitles":["API Route Files"],"fullName":"API Route Files webhooks/route.ts exists","status":"passed","title":"webhooks/route.ts exists","duration":0.5869000000000142,"failureMessages":[],"meta":{},"tags":[]},{"ancestorTitles":["API Route Files"],"fullName":"API Route Files workflows/route.ts exists","status":"passed","title":"workflows/route.ts exists","duration":0.6757999999999811,"failureMessages":[],"meta":{},"tags":[]},{"ancestorTitles":["API Route Files"],"fullName":"API Route Files contact/route.ts exists","status":"passed","title":"contact/route.ts exists","duration":0.8928000000000793,"failureMessages":[],"meta":{},"tags":[]},{"ancestorTitles":["API Route Files"],"fullName":"API Route Files waitlist/route.ts exists","status":"passed","title":"waitlist/route.ts exists","duration":0.9338999999999942,"failureMessages":[],"meta":{},"tags":[]},{"ancestorTitles":["API Route Files"],"fullName":"API Route Files fine-tune/route.ts exists","status":"passed","title":"fine-tune/route.ts exists","duration":0.6697999999998956,"failureMessages":[],"meta":{},"tags":[]},{"ancestorTitles":["Webhook Manager"],"fullName":"Webhook Manager exports expected constants","status":"passed","title":"exports expected constants","duration":2.253700000000208,"failureMessages":[],"meta":{},"tags":[]},{"ancestorTitles":["Webhook Manager"],"fullName":"Webhook Manager registerWebhook creates a webhook with correct fields","status":"passed","title":"registerWebhook creates a webhook with correct fields","duration":1.5171000000000276,"failureMessages":[],"meta":{},"tags":[]},{"ancestorTitles":["Webhook Manager"],"fullName":"Webhook Manager getWebhook retrieves a registered webhook","status":"passed","title":"getWebhook retrieves a registered webhook","duration":1.0796000000000276,"failureMessages":[],"meta":{},"tags":[]},{"ancestorTitles":["Webhook Manager"],"fullName":"Webhook Manager getWebhooksForApp returns only the app webhooks","status":"passed","title":"getWebhooksForApp returns only the app webhooks","duration":1.235300000000052,"failureMessages":[],"meta":{},"tags":[]},{"ancestorTitles":["Webhook Manager"],"fullName":"Webhook Manager unregisterWebhook removes a webhook","status":"passed","title":"unregisterWebhook removes a webhook","duration":0.9330999999999676,"failureMessages":[],"meta":{},"tags":[]},{"ancestorTitles":["Webhook Manager"],"fullName":"Webhook Manager unregisterWebhook returns false for unknown id","status":"passed","title":"unregisterWebhook returns false for unknown id","duration":0.5182999999999538,"failureMessages":[],"meta":{},"tags":[]},{"ancestorTitles":["Webhook Manager"],"fullName":"Webhook Manager setWebhookActive toggles active flag","status":"passed","title":"setWebhookActive toggles active flag","duration":1.8764999999998508,"failureMessages":[],"meta":{},"tags":[]},{"ancestorTitles":["Webhook Manager"],"fullName":"Webhook Manager generateSignature produces a hex string","status":"passed","title":"generateSignature produces a hex string","duration":2.494299999999839,"failureMessages":[],"meta":{},"tags":[]},{"ancestorTitles":["Webhook Manager"],"fullName":"Webhook Manager verifySignature validates a correct signature","status":"passed","title":"verifySignature validates a correct signature","duration":0.8510000000001128,"failureMessages":[],"meta":{},"tags":[]},{"ancestorTitles":["Webhook Manager"],"fullName":"Webhook Manager verifySignature rejects incorrect signature","status":"passed","title":"verifySignature rejects incorrect signature","duration":0.6376999999999953,"failureMessages":[],"meta":{},"tags":[]},{"ancestorTitles":["Webhook Manager"],"fullName":"Webhook Manager getDeliveryLog returns an array","status":"passed","title":"getDeliveryLog returns an array","duration":0.7722000000001117,"failureMessages":[],"meta":{},"tags":[]},{"ancestorTitles":["Webhook Manager"],"fullName":"Webhook Manager getDeliveryStats returns summary with expected fields","status":"passed","title":"getDeliveryStats returns summary with expected fields","duration":1.092300000000023,"failureMessages":[],"meta":{},"tags":[]},{"ancestorTitles":["Batch Processor"],"fullName":"Batch Processor exports expected constants","status":"passed","title":"exports expected constants","duration":0.6666999999999916,"failureMessages":[],"meta":{},"tags":[]},{"ancestorTitles":["Batch Processor"],"fullName":"Batch Processor createBatchJob returns a job with pending status","status":"passed","title":"createBatchJob returns a job with pending status","duration":2.3184000000001106,"failureMessages":[],"meta":{},"tags":[]},{"ancestorTitles":["Batch Processor"],"fullName":"Batch Processor getBatchJob retrieves a created job","status":"passed","title":"getBatchJob retrieves a created job","duration":0.9436000000000604,"failureMessages":[],"meta":{},"tags":[]},{"ancestorTitles":["Batch Processor"],"fullName":"Batch Processor getBatchJob returns null for unknown id","status":"passed","title":"getBatchJob returns null for unknown id","duration":0.4671000000000731,"failureMessages":[],"meta":{},"tags":[]},{"ancestorTitles":["Batch Processor"],"fullName":"Batch Processor cancelBatchJob cancels a pending job","status":"passed","title":"cancelBatchJob cancels a pending job","duration":1.8362999999999374,"failureMessages":[],"meta":{},"tags":[]},{"ancestorTitles":["Batch Processor"],"fullName":"Batch Processor cancelBatchJob returns false for unknown id","status":"passed","title":"cancelBatchJob returns false for unknown id","duration":0.45319999999992433,"failureMessages":[],"meta":{},"tags":[]},{"ancestorTitles":["Batch Processor"],"fullName":"Batch Processor listBatchJobs filters by appSlug","status":"passed","title":"listBatchJobs filters by appSlug","duration":1.742100000000164,"failureMessages":[],"meta":{},"tags":[]},{"ancestorTitles":["Batch Processor"],"fullName":"Batch Processor submitBatchJob resolves for a valid job","status":"passed","title":"submitBatchJob resolves for a valid job","duration":0.9030999999999949,"failureMessages":[],"meta":{},"tags":[]},{"ancestorTitles":["Batch Processor"],"fullName":"Batch Processor getBatchResult returns null for pending job","status":"passed","title":"getBatchResult returns null for pending job","duration":1.0243000000000393,"failureMessages":[],"meta":{},"tags":[]},{"ancestorTitles":["RAG Pipeline"],"fullName":"RAG Pipeline exports expected constants","status":"passed","title":"exports expected constants","duration":0.7570999999998094,"failureMessages":[],"meta":{},"tags":[]},{"ancestorTitles":["RAG Pipeline","chunkText"],"fullName":"RAG Pipeline chunkText chunks a short text into one chunk","status":"passed","title":"chunks a short text into one chunk","duration":0.7167999999999211,"failureMessages":[],"meta":{},"tags":[]},{"ancestorTitles":["RAG Pipeline","chunkText"],"fullName":"RAG Pipeline chunkText chunks a long text into multiple chunks","status":"passed","title":"chunks a long text into multiple chunks","duration":2.4347999999999956,"failureMessages":[],"meta":{},"tags":[]},{"ancestorTitles":["RAG Pipeline","chunkText"],"fullName":"RAG Pipeline chunkText respects custom chunk size","status":"passed","title":"respects custom chunk size","duration":4.472099999999955,"failureMessages":[],"meta":{},"tags":[]},{"ancestorTitles":["RAG Pipeline"],"fullName":"RAG Pipeline buildRAGPrompt constructs a prompt string","status":"passed","title":"buildRAGPrompt constructs a prompt string","duration":0.5828999999998814,"failureMessages":[],"meta":{},"tags":[]},{"ancestorTitles":["RAG Pipeline"],"fullName":"RAG Pipeline buildRAGPrompt includes system prompt when results exist","status":"passed","title":"buildRAGPrompt includes system prompt when results exist","duration":0.30160000000000764,"failureMessages":[],"meta":{},"tags":[]},{"ancestorTitles":["RAG Pipeline"],"fullName":"RAG Pipeline generateEmbedding returns null without API key","status":"passed","title":"generateEmbedding returns null without API key","duration":0.9240999999999531,"failureMessages":[],"meta":{},"tags":[]},{"ancestorTitles":["RAG Pipeline"],"fullName":"RAG Pipeline generateEmbeddings returns array of results","status":"passed","title":"generateEmbeddings returns array of results","duration":0.440900000000056,"failureMessages":[],"meta":{},"tags":[]},{"ancestorTitles":["RAG Pipeline"],"fullName":"RAG Pipeline getRAGHealth returns a health status object","status":"passed","title":"getRAGHealth returns a health status object","duration":0.4112999999999829,"failureMessages":[],"meta":{},"tags":[]},{"ancestorTitles":["Guardrails"],"fullName":"Guardrails exports expected constants","status":"passed","title":"exports expected constants","duration":0.5049999999998818,"failureMessages":[],"meta":{},"tags":[]},{"ancestorTitles":["Guardrails"],"fullName":"Guardrails DEFAULT_POLICY has required fields","status":"passed","title":"DEFAULT_POLICY has required fields","duration":0.34410000000002583,"failureMessages":[],"meta":{},"tags":[]},{"ancestorTitles":["Guardrails","runGuardrails"],"fullName":"Guardrails runGuardrails passes for clean text","status":"passed","title":"passes for clean text","duration":3.9862000000000535,"failureMessages":[],"meta":{},"tags":[]},{"ancestorTitles":["Guardrails","runGuardrails"],"fullName":"Guardrails runGuardrails result has expected metadata fields","status":"passed","title":"result has expected metadata fields","duration":6.140800000000127,"failureMessages":[],"meta":{},"tags":[]},{"ancestorTitles":["Guardrails","detectPII"],"fullName":"Guardrails detectPII detects email addresses","status":"passed","title":"detects email addresses","duration":0.9140999999999622,"failureMessages":[],"meta":{},"tags":[]},{"ancestorTitles":["Guardrails","detectPII"],"fullName":"Guardrails detectPII returns empty array for clean text","status":"passed","title":"returns empty array for clean text","duration":0.43200000000001637,"failureMessages":[],"meta":{},"tags":[]},{"ancestorTitles":["Guardrails","redactPII"],"fullName":"Guardrails redactPII redacts email addresses","status":"passed","title":"redacts email addresses","duration":0.7455999999999676,"failureMessages":[],"meta":{},"tags":[]},{"ancestorTitles":["Guardrails","redactPII"],"fullName":"Guardrails redactPII leaves clean text unchanged","status":"passed","title":"leaves clean text unchanged","duration":0.5154999999999745,"failureMessages":[],"meta":{},"tags":[]},{"ancestorTitles":["Guardrails","detectToxicity"],"fullName":"Guardrails detectToxicity returns an array of pattern results","status":"passed","title":"returns an array of pattern results","duration":0.5110000000001946,"failureMessages":[],"meta":{},"tags":[]},{"ancestorTitles":["Guardrails","detectBias"],"fullName":"Guardrails detectBias returns an array","status":"passed","title":"returns an array","duration":1.4916000000000622,"failureMessages":[],"meta":{},"tags":[]},{"ancestorTitles":["Guardrails","detectHallucinationIndicators"],"fullName":"Guardrails detectHallucinationIndicators returns an array of strings","status":"passed","title":"returns an array of strings","duration":1.215599999999995,"failureMessages":[],"meta":{},"tags":[]},{"ancestorTitles":["Tool Runtime"],"fullName":"Tool Runtime has 5 built-in tools","status":"passed","title":"has 5 built-in tools","duration":1.3561999999999443,"failureMessages":[],"meta":{},"tags":[]},{"ancestorTitles":["Tool Runtime"],"fullName":"Tool Runtime getAvailableTools returns all built-in tools","status":"passed","title":"getAvailableTools returns all built-in tools","duration":1.3103000000000975,"failureMessages":[],"meta":{},"tags":[]},{"ancestorTitles":["Tool Runtime"],"fullName":"Tool Runtime getToolsAsOpenAIFunctions returns proper format","status":"passed","title":"getToolsAsOpenAIFunctions returns proper format","duration":1.8225999999999658,"failureMessages":[],"meta":{},"tags":[]},{"ancestorTitles":["Tool Runtime"],"fullName":"Tool Runtime executeTool runs calculator successfully","status":"passed","title":"executeTool runs calculator successfully","duration":2.145300000000134,"failureMessages":[],"meta":{},"tags":[]},{"ancestorTitles":["Tool Runtime"],"fullName":"Tool Runtime executeTool runs text_transform","status":"passed","title":"executeTool runs text_transform","duration":0.7893999999998869,"failureMessages":[],"meta":{},"tags":[]},{"ancestorTitles":["Tool Runtime"],"fullName":"Tool Runtime executeTool handles unknown tool gracefully","status":"passed","title":"executeTool handles unknown tool gracefully","duration":0.41210000000000946,"failureMessages":[],"meta":{},"tags":[]},{"ancestorTitles":["Tool Runtime"],"fullName":"Tool Runtime executeToolCalls runs multiple calls","status":"passed","title":"executeToolCalls runs multiple calls","duration":4.554499999999962,"failureMessages":[],"meta":{},"tags":[]},{"ancestorTitles":["Tool Runtime"],"fullName":"Tool Runtime registerTool and unregisterTool manage custom tools","status":"passed","title":"registerTool and unregisterTool manage custom tools","duration":1.5073999999999614,"failureMessages":[],"meta":{},"tags":[]},{"ancestorTitles":["Tool Runtime"],"fullName":"Tool Runtime unregisterTool returns false for unknown tool","status":"passed","title":"unregisterTool returns false for unknown tool","duration":0.3248000000000957,"failureMessages":[],"meta":{},"tags":[]},{"ancestorTitles":["Workflow Engine"],"fullName":"Workflow Engine exports expected constants","status":"passed","title":"exports expected constants","duration":1.970199999999977,"failureMessages":[],"meta":{},"tags":[]},{"ancestorTitles":["Workflow Engine"],"fullName":"Workflow Engine createWorkflow creates a workflow in draft status","status":"passed","title":"createWorkflow creates a workflow in draft status","duration":1.2131999999999152,"failureMessages":[],"meta":{},"tags":[]},{"ancestorTitles":["Workflow Engine"],"fullName":"Workflow Engine getWorkflow retrieves a created workflow","status":"passed","title":"getWorkflow retrieves a created workflow","duration":0.8035999999999603,"failureMessages":[],"meta":{},"tags":[]},{"ancestorTitles":["Workflow Engine"],"fullName":"Workflow Engine getWorkflow returns null for unknown id","status":"passed","title":"getWorkflow returns null for unknown id","duration":0.38409999999998945,"failureMessages":[],"meta":{},"tags":[]},{"ancestorTitles":["Workflow Engine"],"fullName":"Workflow Engine listWorkflows filters by appSlug","status":"passed","title":"listWorkflows filters by appSlug","duration":1.3195999999998094,"failureMessages":[],"meta":{},"tags":[]},{"ancestorTitles":["Workflow Engine"],"fullName":"Workflow Engine activateWorkflow changes status to active","status":"passed","title":"activateWorkflow changes status to active","duration":1.0075999999999112,"failureMessages":[],"meta":{},"tags":[]},{"ancestorTitles":["Workflow Engine"],"fullName":"Workflow Engine deleteWorkflow removes a workflow","status":"passed","title":"deleteWorkflow removes a workflow","duration":0.9522999999999229,"failureMessages":[],"meta":{},"tags":[]},{"ancestorTitles":["Workflow Engine"],"fullName":"Workflow Engine deleteWorkflow returns false for unknown id","status":"passed","title":"deleteWorkflow returns false for unknown id","duration":0.6605999999999312,"failureMessages":[],"meta":{},"tags":[]},{"ancestorTitles":["Workflow Engine"],"fullName":"Workflow Engine getWorkflowRun returns null for unknown run","status":"passed","title":"getWorkflowRun returns null for unknown run","duration":0.6415999999999258,"failureMessages":[],"meta":{},"tags":[]},{"ancestorTitles":["Workflow Engine"],"fullName":"Workflow Engine listWorkflowRuns returns empty for unknown workflow","status":"passed","title":"listWorkflowRuns returns empty for unknown workflow","duration":1.8962999999998829,"failureMessages":[],"meta":{},"tags":[]},{"ancestorTitles":["Prompt Studio"],"fullName":"Prompt Studio exports expected constants","status":"passed","title":"exports expected constants","duration":1.414199999999937,"failureMessages":[],"meta":{},"tags":[]},{"ancestorTitles":["Prompt Studio","Template CRUD"],"fullName":"Prompt Studio Template CRUD createTemplate creates a template with correct fields","status":"passed","title":"createTemplate creates a template with correct fields","duration":1.8161999999999807,"failureMessages":[],"meta":{},"tags":[]},{"ancestorTitles":["Prompt Studio","Template CRUD"],"fullName":"Prompt Studio Template CRUD getTemplate retrieves a created template","status":"passed","title":"getTemplate retrieves a created template","duration":1.6766000000000076,"failureMessages":[],"meta":{},"tags":[]},{"ancestorTitles":["Prompt Studio","Template CRUD"],"fullName":"Prompt Studio Template CRUD getTemplate returns null for unknown id","status":"passed","title":"getTemplate returns null for unknown id","duration":0.35619999999994434,"failureMessages":[],"meta":{},"tags":[]},{"ancestorTitles":["Prompt Studio","Template CRUD"],"fullName":"Prompt Studio Template CRUD updateTemplate bumps version","status":"passed","title":"updateTemplate bumps version","duration":4.767700000000104,"failureMessages":[],"meta":{},"tags":[]},{"ancestorTitles":["Prompt Studio","Template CRUD"],"fullName":"Prompt Studio Template CRUD updateTemplate returns null for unknown id","status":"passed","title":"updateTemplate returns null for unknown id","duration":0.4693999999999505,"failureMessages":[],"meta":{},"tags":[]},{"ancestorTitles":["Prompt Studio","Template CRUD"],"fullName":"Prompt Studio Template CRUD listTemplates filters by appSlug","status":"passed","title":"listTemplates filters by appSlug","duration":1.0162000000000262,"failureMessages":[],"meta":{},"tags":[]},{"ancestorTitles":["Prompt Studio","Template CRUD"],"fullName":"Prompt Studio Template CRUD deleteTemplate removes a template","status":"passed","title":"deleteTemplate removes a template","duration":0.7162000000000717,"failureMessages":[],"meta":{},"tags":[]},{"ancestorTitles":["Prompt Studio","Template CRUD"],"fullName":"Prompt Studio Template CRUD deleteTemplate returns false for unknown id","status":"passed","title":"deleteTemplate returns false for unknown id","duration":0.5787000000000262,"failureMessages":[],"meta":{},"tags":[]},{"ancestorTitles":["Prompt Studio","renderTemplate"],"fullName":"Prompt Studio renderTemplate renders template with variables","status":"passed","title":"renders template with variables","duration":1.616399999999885,"failureMessages":[],"meta":{},"tags":[]},{"ancestorTitles":["Prompt Studio","renderTemplate"],"fullName":"Prompt Studio renderTemplate returns null for unknown template","status":"passed","title":"returns null for unknown template","duration":0.6648999999999887,"failureMessages":[],"meta":{},"tags":[]},{"ancestorTitles":["Prompt Studio","Version History"],"fullName":"Prompt Studio Version History tracks version changes","status":"passed","title":"tracks version changes","duration":2.613499999999931,"failureMessages":[],"meta":{},"tags":[]},{"ancestorTitles":["Prompt Studio","A/B Testing"],"fullName":"Prompt Studio A/B Testing createABTest creates a test in draft status","status":"passed","title":"createABTest creates a test in draft status","duration":1.3489999999999327,"failureMessages":[],"meta":{},"tags":[]},{"ancestorTitles":["Prompt Studio","A/B Testing"],"fullName":"Prompt Studio A/B Testing startABTest changes status to running","status":"passed","title":"startABTest changes status to running","duration":1.4312999999999647,"failureMessages":[],"meta":{},"tags":[]},{"ancestorTitles":["Prompt Studio","A/B Testing"],"fullName":"Prompt Studio A/B Testing selectVariant returns a variant from a running test","status":"passed","title":"selectVariant returns a variant from a running test","duration":1.037599999999884,"failureMessages":[],"meta":{},"tags":[]},{"ancestorTitles":["Prompt Studio","A/B Testing"],"fullName":"Prompt Studio A/B Testing getABTest returns null for unknown id","status":"passed","title":"getABTest returns null for unknown id","duration":0.38589999999999236,"failureMessages":[],"meta":{},"tags":[]},{"ancestorTitles":["Prompt Studio","A/B Testing"],"fullName":"Prompt Studio A/B Testing listABTests filters by appSlug","status":"passed","title":"listABTests filters by appSlug","duration":0.9290000000000873,"failureMessages":[],"meta":{},"tags":[]}],"startTime":1782306383707,"endTime":1782306383897.929,"status":"passed","message":"","name":"C:/amarktai-agent/Amarktai-Network-2/src/lib/__tests__/api-routes-and-labs.test.ts"},{"assertionResults":[{"ancestorTitles":["App Agent — Core Architecture"],"fullName":"App Agent — Core Architecture parseAdminNotes extracts structured rules from plain English","status":"passed","title":"parseAdminNotes extracts structured rules from plain English","duration":332.8259000000003,"failureMessages":[],"meta":{},"tags":[]},{"ancestorTitles":["App Agent — Core Architecture"],"fullName":"App Agent — Core Architecture parseAdminNotes returns empty array for empty notes","status":"passed","title":"parseAdminNotes returns empty array for empty notes","duration":3.7006999999998698,"failureMessages":[],"meta":{},"tags":[]},{"ancestorTitles":["App Agent — Core Architecture"],"fullName":"App Agent — Core Architecture parseAdminNotes assigns correct priorities","status":"passed","title":"parseAdminNotes assigns correct priorities","duration":2.0124000000000706,"failureMessages":[],"meta":{},"tags":[]},{"ancestorTitles":["App Agent — Core Architecture"],"fullName":"App Agent — Core Architecture buildAgentSystemPrompt generates correct system prompt","status":"passed","title":"buildAgentSystemPrompt generates correct system prompt","duration":2.739900000000034,"failureMessages":[],"meta":{},"tags":[]},{"ancestorTitles":["App Agent — Core Architecture"],"fullName":"App Agent — Core Architecture buildAgentSystemPrompt handles minimal config","status":"passed","title":"buildAgentSystemPrompt handles minimal config","duration":8.656300000000101,"failureMessages":[],"meta":{},"tags":[]},{"ancestorTitles":["Firecrawl Integration"],"fullName":"Firecrawl Integration getFirecrawlStatus reports unavailable when no API key","status":"passed","title":"getFirecrawlStatus reports unavailable when no API key","duration":94.58190000000013,"failureMessages":[],"meta":{},"tags":[]},{"ancestorTitles":["Firecrawl Integration"],"fullName":"Firecrawl Integration crawlAppWebsite returns error when no API key","status":"passed","title":"crawlAppWebsite returns error when no API key","duration":12.392299999999977,"failureMessages":[],"meta":{},"tags":[]},{"ancestorTitles":["Mem0 Integration"],"fullName":"Mem0 Integration getMem0Status reports unavailable when no API key","status":"passed","title":"getMem0Status reports unavailable when no API key","duration":37.705999999999676,"failureMessages":[],"meta":{},"tags":[]},{"ancestorTitles":["Mem0 Integration"],"fullName":"Mem0 Integration searchMemories returns empty when no API key","status":"passed","title":"searchMemories returns empty when no API key","duration":21.144399999999678,"failureMessages":[],"meta":{},"tags":[]},{"ancestorTitles":["Mem0 Integration"],"fullName":"Mem0 Integration addMemory returns null when no API key","status":"passed","title":"addMemory returns null when no API key","duration":6.064899999999852,"failureMessages":[],"meta":{},"tags":[]},{"ancestorTitles":["Graphiti Integration"],"fullName":"Graphiti Integration getGraphitiStatus reports unavailable when not configured","status":"passed","title":"getGraphitiStatus reports unavailable when not configured","duration":19.528099999999995,"failureMessages":[],"meta":{},"tags":[]},{"ancestorTitles":["Graphiti Integration"],"fullName":"Graphiti Integration addNode returns null when not configured","status":"passed","title":"addNode returns null when not configured","duration":0.7049999999999272,"failureMessages":[],"meta":{},"tags":[]},{"ancestorTitles":["Graphiti Integration"],"fullName":"Graphiti Integration searchGraph returns empty when not configured","status":"passed","title":"searchGraph returns empty when not configured","duration":0.8436000000001513,"failureMessages":[],"meta":{},"tags":[]},{"ancestorTitles":["LiteLLM Integration"],"fullName":"LiteLLM Integration getLiteLLMStatus reports unavailable when not configured","status":"passed","title":"getLiteLLMStatus reports unavailable when not configured","duration":29.907199999999648,"failureMessages":[],"meta":{},"tags":[]},{"ancestorTitles":["LiteLLM Integration"],"fullName":"LiteLLM Integration getBudgetBand returns correct bands","status":"passed","title":"getBudgetBand returns correct bands","duration":1.486699999999928,"failureMessages":[],"meta":{},"tags":[]},{"ancestorTitles":["LiteLLM Integration"],"fullName":"LiteLLM Integration selectModelForBudget returns cheap models for simple tasks","status":"passed","title":"selectModelForBudget returns cheap models for simple tasks","duration":1.3690999999998894,"failureMessages":[],"meta":{},"tags":[]},{"ancestorTitles":["LiteLLM Integration"],"fullName":"LiteLLM Integration callLiteLLM returns error when not configured","status":"passed","title":"callLiteLLM returns error when not configured","duration":1.2460999999998421,"failureMessages":[],"meta":{},"tags":[]},{"ancestorTitles":["PostHog Integration"],"fullName":"PostHog Integration getPostHogStatus reports unavailable when no API key","status":"passed","title":"getPostHogStatus reports unavailable when no API key","duration":116.4354000000003,"failureMessages":[],"meta":{},"tags":[]},{"ancestorTitles":["PostHog Integration"],"fullName":"PostHog Integration captureEvent returns false when no API key","status":"passed","title":"captureEvent returns false when no API key","duration":0.8443999999999505,"failureMessages":[],"meta":{},"tags":[]},{"ancestorTitles":["PostHog Integration"],"fullName":"PostHog Integration captureBatch returns false when no API key","status":"passed","title":"captureBatch returns false when no API key","duration":0.8326000000001841,"failureMessages":[],"meta":{},"tags":[]},{"ancestorTitles":["LangGraph Integration"],"fullName":"LangGraph Integration getLangGraphStatus reports internal mode when no external URL","status":"passed","title":"getLangGraphStatus reports internal mode when no external URL","duration":32.273899999999685,"failureMessages":[],"meta":{},"tags":[]},{"ancestorTitles":["LangGraph Integration"],"fullName":"LangGraph Integration getWorkflowDefinition returns valid definitions","status":"passed","title":"getWorkflowDefinition returns valid definitions","duration":1.3762000000001535,"failureMessages":[],"meta":{},"tags":[]},{"ancestorTitles":["LangGraph Integration"],"fullName":"LangGraph Integration executeWorkflow runs internal workflow successfully","status":"passed","title":"executeWorkflow runs internal workflow successfully","duration":1.42679999999973,"failureMessages":[],"meta":{},"tags":[]},{"ancestorTitles":["Qdrant Per-App Isolation"],"fullName":"Qdrant Per-App Isolation searchAppKnowledge applies app_slug filter","status":"passed","title":"searchAppKnowledge applies app_slug filter","duration":590.6532000000002,"failureMessages":[],"meta":{},"tags":[]},{"ancestorTitles":["Qdrant Per-App Isolation"],"fullName":"Qdrant Per-App Isolation deleteAppKnowledge returns false when Qdrant unavailable","status":"passed","title":"deleteAppKnowledge returns false when Qdrant unavailable","duration":1.0789999999997235,"failureMessages":[],"meta":{},"tags":[]},{"ancestorTitles":["Qdrant Per-App Isolation"],"fullName":"Qdrant Per-App Isolation upsertAppKnowledge returns false when Qdrant unavailable","status":"passed","title":"upsertAppKnowledge returns false when Qdrant unavailable","duration":1.2334999999998217,"failureMessages":[],"meta":{},"tags":[]},{"ancestorTitles":["Concurrency — Multi-App Isolation"],"fullName":"Concurrency — Multi-App Isolation multiple parseAdminNotes calls do not interfere","status":"passed","title":"multiple parseAdminNotes calls do not interfere","duration":1.8503000000000611,"failureMessages":[],"meta":{},"tags":[]},{"ancestorTitles":["Concurrency — Multi-App Isolation"],"fullName":"Concurrency — Multi-App Isolation multiple budget band selections are independent","status":"passed","title":"multiple budget band selections are independent","duration":0.8506000000002132,"failureMessages":[],"meta":{},"tags":[]},{"ancestorTitles":["Concurrency — Multi-App Isolation"],"fullName":"Concurrency — Multi-App Isolation workflow executions are independent","status":"passed","title":"workflow executions are independent","duration":1.4214999999999236,"failureMessages":[],"meta":{},"tags":[]},{"ancestorTitles":["Religious App Specialist Support"],"fullName":"Religious App Specialist Support Christian app generates correct religious instructions","status":"passed","title":"Christian app generates correct religious instructions","duration":1.1013000000002648,"failureMessages":[],"meta":{},"tags":[]},{"ancestorTitles":["Religious App Specialist Support"],"fullName":"Religious App Specialist Support Muslim app generates correct religious instructions","status":"passed","title":"Muslim app generates correct religious instructions","duration":1.074200000000019,"failureMessages":[],"meta":{},"tags":[]},{"ancestorTitles":["Religious App Specialist Support"],"fullName":"Religious App Specialist Support Non-religious app does not include religious instructions","status":"passed","title":"Non-religious app does not include religious instructions","duration":1.0471000000002277,"failureMessages":[],"meta":{},"tags":[]},{"ancestorTitles":["Go-Live Hardening"],"fullName":"Go-Live Hardening all integration status functions return valid objects","status":"passed","title":"all integration status functions return valid objects","duration":18.779299999999694,"failureMessages":[],"meta":{},"tags":[]},{"ancestorTitles":["Go-Live Hardening"],"fullName":"Go-Live Hardening all integrations degrade gracefully when not configured","status":"passed","title":"all integrations degrade gracefully when not configured","duration":9.80560000000014,"failureMessages":[],"meta":{},"tags":[]},{"ancestorTitles":["Go-Live Hardening"],"fullName":"Go-Live Hardening LangGraph always available (internal fallback)","status":"passed","title":"LangGraph always available (internal fallback)","duration":4.371599999999944,"failureMessages":[],"meta":{},"tags":[]}],"startTime":1782306381066,"endTime":1782306382435.3716,"status":"passed","message":"","name":"C:/amarktai-agent/Amarktai-Network-2/src/lib/__tests__/app-agent-golive.test.ts"},{"assertionResults":[{"ancestorTitles":["App Profiles","DEFAULT_APP_PROFILES"],"fullName":"App Profiles DEFAULT_APP_PROFILES has profiles for expected apps","status":"passed","title":"has profiles for expected apps","duration":5.609199999999987,"failureMessages":[],"meta":{},"tags":[]},{"ancestorTitles":["App Profiles","DEFAULT_APP_PROFILES"],"fullName":"App Profiles DEFAULT_APP_PROFILES every profile has required fields","status":"passed","title":"every profile has required fields","duration":4.785499999999956,"failureMessages":[],"meta":{},"tags":[]},{"ancestorTitles":["App Profiles","getAppProfile"],"fullName":"App Profiles getAppProfile returns specific profile for known app","status":"passed","title":"returns specific profile for known app","duration":1.457300000000032,"failureMessages":[],"meta":{},"tags":[]},{"ancestorTitles":["App Profiles","getAppProfile"],"fullName":"App Profiles getAppProfile returns default profile for unknown app","status":"passed","title":"returns default profile for unknown app","duration":0.8244000000000824,"failureMessages":[],"meta":{},"tags":[]},{"ancestorTitles":["App Profiles","isProviderAllowed"],"fullName":"App Profiles isProviderAllowed allows configured providers for crypto app","status":"passed","title":"allows configured providers for crypto app","duration":0.6746000000000549,"failureMessages":[],"meta":{},"tags":[]},{"ancestorTitles":["App Profiles","isProviderAllowed"],"fullName":"App Profiles isProviderAllowed handles allowed_providers from app profile","status":"passed","title":"handles allowed_providers from app profile","duration":0.5919000000000096,"failureMessages":[],"meta":{},"tags":[]},{"ancestorTitles":["App Profiles","isModelAllowed"],"fullName":"App Profiles isModelAllowed allows configured models","status":"passed","title":"allows configured models","duration":0.8003999999999678,"failureMessages":[],"meta":{},"tags":[]},{"ancestorTitles":["App Profiles","getPreferredModels"],"fullName":"App Profiles getPreferredModels returns preferred models for app","status":"passed","title":"returns preferred models for app","duration":0.9011000000000422,"failureMessages":[],"meta":{},"tags":[]},{"ancestorTitles":["App Profiles","shouldEscalate"],"fullName":"App Profiles shouldEscalate returns matching rule for complex financial tasks on crypto app","status":"passed","title":"returns matching rule for complex financial tasks on crypto app","duration":1.8093000000000075,"failureMessages":[],"meta":{},"tags":[]},{"ancestorTitles":["App Profiles","shouldEscalate"],"fullName":"App Profiles shouldEscalate returns null for simple chat on default app","status":"passed","title":"returns null for simple chat on default app","duration":0.8272000000000617,"failureMessages":[],"meta":{},"tags":[]},{"ancestorTitles":["App Profiles","requiresValidation"],"fullName":"App Profiles requiresValidation returns matching rule or null for crypto app tasks","status":"passed","title":"returns matching rule or null for crypto app tasks","duration":0.9052000000000362,"failureMessages":[],"meta":{},"tags":[]},{"ancestorTitles":["App Profiles","getMemoryNamespace"],"fullName":"App Profiles getMemoryNamespace returns correct namespace for known app","status":"passed","title":"returns correct namespace for known app","duration":0.524599999999964,"failureMessages":[],"meta":{},"tags":[]},{"ancestorTitles":["App Profiles","getRetrievalNamespace"],"fullName":"App Profiles getRetrievalNamespace returns correct namespace for known app","status":"passed","title":"returns correct namespace for known app","duration":0.5227999999999611,"failureMessages":[],"meta":{},"tags":[]}],"startTime":1782306389560,"endTime":1782306389583.5247,"status":"passed","message":"","name":"C:/amarktai-agent/Amarktai-Network-2/src/lib/__tests__/app-profiles.test.ts"},{"assertionResults":[{"ancestorTitles":["backend capability truth"],"fullName":"backend capability truth GenX status separates configured from available","status":"passed","title":"GenX status separates configured from available","duration":290.1144999999997,"failureMessages":[],"meta":{},"tags":[]},{"ancestorTitles":["backend capability truth"],"fullName":"backend capability truth GenX configured does not mean available when catalog probe fails","status":"passed","title":"GenX configured does not mean available when catalog probe fails","duration":41.37570000000005,"failureMessages":[],"meta":{},"tags":[]},{"ancestorTitles":["backend capability truth"],"fullName":"backend capability truth /api/brain/video-generate returns a truthful blocker when no renderer exists","status":"passed","title":"/api/brain/video-generate returns a truthful blocker when no renderer exists","duration":820.9208000000003,"failureMessages":[],"meta":{},"tags":[]}],"startTime":1782306381064,"endTime":1782306382216.921,"status":"passed","message":"","name":"C:/amarktai-agent/Amarktai-Network-2/src/lib/__tests__/backend-truth.test.ts"},{"assertionResults":[{"ancestorTitles":["AmarktAI Assistant route files exist (Phase C)"],"fullName":"AmarktAI Assistant route files exist (Phase C) POST /api/admin/amarktai-assistant/chat route exists","status":"passed","title":"POST /api/admin/amarktai-assistant/chat route exists","duration":6.577099999999973,"failureMessages":[],"meta":{},"tags":[]},{"ancestorTitles":["AmarktAI Assistant route files exist (Phase C)"],"fullName":"AmarktAI Assistant route files exist (Phase C) GET /api/admin/amarktai-assistant/context route exists","status":"passed","title":"GET /api/admin/amarktai-assistant/context route exists","duration":1.4596000000001368,"failureMessages":[],"meta":{},"tags":[]},{"ancestorTitles":["AmarktAI Assistant route files exist (Phase C)"],"fullName":"AmarktAI Assistant route files exist (Phase C) GET+POST /api/admin/amarktai-assistant/memory route exists","status":"passed","title":"GET+POST /api/admin/amarktai-assistant/memory route exists","duration":0.8989999999998872,"failureMessages":[],"meta":{},"tags":[]},{"ancestorTitles":["AmarktAI Assistant route files exist (Phase C)"],"fullName":"AmarktAI Assistant route files exist (Phase C) POST /api/admin/amarktai-assistant/stream route exists","status":"passed","title":"POST /api/admin/amarktai-assistant/stream route exists","duration":0.8874000000000706,"failureMessages":[],"meta":{},"tags":[]},{"ancestorTitles":["AmarktAI Assistant route files exist (Phase C)"],"fullName":"AmarktAI Assistant route files exist (Phase C) amarktai-assistant/chat exports POST handler","status":"passed","title":"amarktai-assistant/chat exports POST handler","duration":2.2632000000003245,"failureMessages":[],"meta":{},"tags":[]},{"ancestorTitles":["AmarktAI Assistant route files exist (Phase C)"],"fullName":"AmarktAI Assistant route files exist (Phase C) amarktai-assistant/context exports GET handler","status":"passed","title":"amarktai-assistant/context exports GET handler","duration":2.206499999999778,"failureMessages":[],"meta":{},"tags":[]},{"ancestorTitles":["AmarktAI Assistant route files exist (Phase C)"],"fullName":"AmarktAI Assistant route files exist (Phase C) amarktai-assistant/memory exports GET and POST handlers","status":"passed","title":"amarktai-assistant/memory exports GET and POST handlers","duration":1.921100000000024,"failureMessages":[],"meta":{},"tags":[]},{"ancestorTitles":["AmarktAI Assistant route files exist (Phase C)"],"fullName":"AmarktAI Assistant route files exist (Phase C) amarktai-assistant/stream exports POST handler","status":"passed","title":"amarktai-assistant/stream exports POST handler","duration":2.0284999999998945,"failureMessages":[],"meta":{},"tags":[]},{"ancestorTitles":["Research route files exist (Phase H)"],"fullName":"Research route files exist (Phase H) POST /api/admin/research/url route exists","status":"passed","title":"POST /api/admin/research/url route exists","duration":1.5189000000000306,"failureMessages":[],"meta":{},"tags":[]},{"ancestorTitles":["Research route files exist (Phase H)"],"fullName":"Research route files exist (Phase H) GET /api/admin/research/jobs route exists","status":"passed","title":"GET /api/admin/research/jobs route exists","duration":0.732300000000123,"failureMessages":[],"meta":{},"tags":[]},{"ancestorTitles":["Research route files exist (Phase H)"],"fullName":"Research route files exist (Phase H) POST /api/admin/research/opportunity route exists","status":"passed","title":"POST /api/admin/research/opportunity route exists","duration":0.8441000000002532,"failureMessages":[],"meta":{},"tags":[]},{"ancestorTitles":["Research route files exist (Phase H)"],"fullName":"Research route files exist (Phase H) POST /api/admin/research/send-to-repo-workbench route exists","status":"passed","title":"POST /api/admin/research/send-to-repo-workbench route exists","duration":0.8893999999995685,"failureMessages":[],"meta":{},"tags":[]},{"ancestorTitles":["Research route files exist (Phase H)"],"fullName":"Research route files exist (Phase H) research/url exports POST","status":"passed","title":"research/url exports POST","duration":2.005700000000161,"failureMessages":[],"meta":{},"tags":[]},{"ancestorTitles":["Research route files exist (Phase H)"],"fullName":"Research route files exist (Phase H) research/jobs exports GET","status":"passed","title":"research/jobs exports GET","duration":1.934099999999944,"failureMessages":[],"meta":{},"tags":[]},{"ancestorTitles":["Research route files exist (Phase H)"],"fullName":"Research route files exist (Phase H) research/opportunity exports POST","status":"passed","title":"research/opportunity exports POST","duration":2.1088999999997213,"failureMessages":[],"meta":{},"tags":[]},{"ancestorTitles":["Research route files exist (Phase H)"],"fullName":"Research route files exist (Phase H) research/send-to-repo-workbench exports POST","status":"passed","title":"research/send-to-repo-workbench exports POST","duration":1.830500000000029,"failureMessages":[],"meta":{},"tags":[]},{"ancestorTitles":["Research route files exist (Phase H)"],"fullName":"Research route files exist (Phase H) research/url uses the local crawler with fetch fallback","status":"passed","title":"research/url uses the local crawler with fetch fallback","duration":2.3052999999999884,"failureMessages":[],"meta":{},"tags":[]},{"ancestorTitles":["Research route files exist (Phase H)"],"fullName":"Research route files exist (Phase H) research/url saves to artifact store","status":"passed","title":"research/url saves to artifact store","duration":1.9075000000002547,"failureMessages":[],"meta":{},"tags":[]},{"ancestorTitles":["Research route files exist (Phase H)"],"fullName":"Research route files exist (Phase H) research/jobs filters to research_source artifacts","status":"passed","title":"research/jobs filters to research_source artifacts","duration":1.987999999999829,"failureMessages":[],"meta":{},"tags":[]},{"ancestorTitles":["Approval sub-route files exist (Phase J)"],"fullName":"Approval sub-route files exist (Phase J) POST /api/admin/approvals/[id]/approve route exists","status":"passed","title":"POST /api/admin/approvals/[id]/approve route exists","duration":1.0776999999998225,"failureMessages":[],"meta":{},"tags":[]},{"ancestorTitles":["Approval sub-route files exist (Phase J)"],"fullName":"Approval sub-route files exist (Phase J) POST /api/admin/approvals/[id]/reject route exists","status":"passed","title":"POST /api/admin/approvals/[id]/reject route exists","duration":0.9331999999999425,"failureMessages":[],"meta":{},"tags":[]},{"ancestorTitles":["Approval sub-route files exist (Phase J)"],"fullName":"Approval sub-route files exist (Phase J) approve route exports POST","status":"passed","title":"approve route exports POST","duration":2.1118999999998778,"failureMessages":[],"meta":{},"tags":[]},{"ancestorTitles":["Approval sub-route files exist (Phase J)"],"fullName":"Approval sub-route files exist (Phase J) reject route exports POST","status":"passed","title":"reject route exports POST","duration":1.8079999999999927,"failureMessages":[],"meta":{},"tags":[]},{"ancestorTitles":["Approval sub-route files exist (Phase J)"],"fullName":"Approval sub-route files exist (Phase J) approve route resolves approval and sets decision=approved","status":"passed","title":"approve route resolves approval and sets decision=approved","duration":3.2638999999999214,"failureMessages":[],"meta":{},"tags":[]},{"ancestorTitles":["Approval sub-route files exist (Phase J)"],"fullName":"Approval sub-route files exist (Phase J) reject route resolves approval and sets decision=rejected","status":"passed","title":"reject route resolves approval and sets decision=rejected","duration":2.1295000000000073,"failureMessages":[],"meta":{},"tags":[]},{"ancestorTitles":["Approval sub-route files exist (Phase J)"],"fullName":"Approval sub-route files exist (Phase J) approve and reject both check for existing approval to prevent double-resolve","status":"passed","title":"approve and reject both check for existin
[...]
suggestive_video_planning","status":"passed","title":"classifies \"suggestive video\" as suggestive_video_planning","duration":1.1835000000000946,"failureMessages":[],"meta":{},"tags":[]},{"ancestorTitles":["Suggestive Capability Classification"],"fullName":"Suggestive Capability Classification classifies \"fashion video\" as suggestive_video_planning","status":"passed","title":"classifies \"fashion video\" as suggestive_video_planning","duration":1.6601000000000568,"failureMessages":[],"meta":{},"tags":[]},{"ancestorTitles":["Suggestive Capability Classification"],"fullName":"Suggestive Capability Classification does NOT classify normal chat as suggestive","status":"passed","title":"does NOT classify normal chat as suggestive","duration":0.9302000000000135,"failureMessages":[],"meta":{},"tags":[]},{"ancestorTitles":["HF Fallback for Suggestive Image"],"fullName":"HF Fallback for Suggestive Image HF_FALLBACK_MODELS includes suggestive_image_generation","status":"passed","title":"HF_FALLBACK_MODELS includes suggestive_image_generation","duration":0.5919000000001233,"failureMessages":[],"meta":{},"tags":[]},{"ancestorTitles":["HF Fallback for Suggestive Image"],"fullName":"HF Fallback for Suggestive Image getHfFallback returns models for suggestive_image_generation when HF available","status":"passed","title":"getHfFallback returns models for suggestive_image_generation when HF available","duration":0.5285999999998694,"failureMessages":[],"meta":{},"tags":[]},{"ancestorTitles":["HF Fallback for Suggestive Image"],"fullName":"HF Fallback for Suggestive Image HF fallback notes mention safe-prompt enforcement","status":"passed","title":"HF fallback notes mention safe-prompt enforcement","duration":0.5402999999998883,"failureMessages":[],"meta":{},"tags":[]},{"ancestorTitles":["No Fake Generation Claims"],"fullName":"No Fake Generation Claims suggestive_video_planning label does not contain \"generation\"","status":"passed","title":"suggestive_video_planning label does not contain \"generation\"","duration":0.5420000000001437,"failureMessages":[],"meta":{},"tags":[]},{"ancestorTitles":["No Fake Generation Claims"],"fullName":"No Fake Generation Claims adult_18plus_image NOW HAS a backend route (/api/brain/adult-image)","status":"passed","title":"adult_18plus_image NOW HAS a backend route (/api/brain/adult-image)","duration":0.3731999999999971,"failureMessages":[],"meta":{},"tags":[]},{"ancestorTitles":["No Fake Generation Claims"],"fullName":"No Fake Generation Claims video_generation now has a backend route (async job pipeline implemented)","status":"passed","title":"video_generation now has a backend route (async job pipeline implemented)","duration":0.5475000000001273,"failureMessages":[],"meta":{},"tags":[]},{"ancestorTitles":["No Fake Generation Claims"],"fullName":"No Fake Generation Claims realtime_voice now has a backend route (session endpoint + WS service implemented)","status":"passed","title":"realtime_voice now has a backend route (session endpoint + WS service implemented)","duration":0.39619999999990796,"failureMessages":[],"meta":{},"tags":[]}],"startTime":1782306386181,"endTime":1782306386272.3962,"status":"passed","message":"","name":"C:/amarktai-agent/Amarktai-Network-2/src/lib/__tests__/suggestive-capability.test.ts"},{"assertionResults":[{"ancestorTitles":["Video Planning Truth"],"fullName":"Video Planning Truth video_planning has a backend route","status":"passed","title":"video_planning has a backend route","duration":7.63390000000004,"failureMessages":[],"meta":{},"tags":[]},{"ancestorTitles":["Video Planning Truth"],"fullName":"Video Planning Truth video_planning is labeled as planning, not generation","status":"passed","title":"video_planning is labeled as planning, not generation","duration":1.6003999999999223,"failureMessages":[],"meta":{},"tags":[]},{"ancestorTitles":["Video Planning Truth"],"fullName":"Video Planning Truth video_planning resolution returns planning capability","status":"passed","title":"video_planning resolution returns planning capability","duration":3.8226000000000795,"failureMessages":[],"meta":{},"tags":[]},{"ancestorTitles":["Video Planning Truth"],"fullName":"Video Planning Truth video_planning models exist with supports_video_planning flag","status":"passed","title":"video_planning models exist with supports_video_planning flag","duration":0.8822999999999865,"failureMessages":[],"meta":{},"tags":[]},{"ancestorTitles":["Video Planning Truth"],"fullName":"Video Planning Truth video_planning suggested providers include active providers only","status":"passed","title":"video_planning suggested providers include active providers only","duration":2.92999999999995,"failureMessages":[],"meta":{},"tags":[]},{"ancestorTitles":["Video Generation Truth"],"fullName":"Video Generation Truth video_generation has a backend route (async job pipeline)","status":"passed","title":"video_generation has a backend route (async job pipeline)","duration":2.4325000000000045,"failureMessages":[],"meta":{},"tags":[]},{"ancestorTitles":["Video Generation Truth"],"fullName":"Video Generation Truth video_generation is labeled as generation, not planning","status":"passed","title":"video_generation is labeled as generation, not planning","duration":1.8875000000000455,"failureMessages":[],"meta":{},"tags":[]},{"ancestorTitles":["Video Generation Truth"],"fullName":"Video Generation Truth video_generation is unavailable without a configured video provider","status":"passed","title":"video_generation is unavailable without a configured video provider","duration":3.7472999999999956,"failureMessages":[],"meta":{},"tags":[]},{"ancestorTitles":["Video Generation Truth"],"fullName":"Video Generation Truth video_generation shows routeExists=true but unavailable without provider","status":"passed","title":"video_generation shows routeExists=true but unavailable without provider","duration":4.54079999999999,"failureMessages":[],"meta":{},"tags":[]},{"ancestorTitles":["Video Generation Truth"],"fullName":"Video Generation Truth video_planning and video_generation are separate capabilities","status":"passed","title":"video_planning and video_generation are separate capabilities","duration":2.0464000000000624,"failureMessages":[],"meta":{},"tags":[]},{"ancestorTitles":["Capability Engine separates planning from generation"],"fullName":"Capability Engine separates planning from generation classifies \"generate a video\" as video_generation","status":"passed","title":"classifies \"generate a video\" as video_generation","duration":13.136699999999905,"failureMessages":[],"meta":{},"tags":[]},{"ancestorTitles":["Capability Engine separates planning from generation"],"fullName":"Capability Engine separates planning from generation classifies \"create a video\" as video_generation","status":"passed","title":"classifies \"create a video\" as video_generation","duration":4.621399999999994,"failureMessages":[],"meta":{},"tags":[]},{"ancestorTitles":["Capability Engine separates planning from generation"],"fullName":"Capability Engine separates planning from generation classifies \"plan a video\" as video_planning","status":"passed","title":"classifies \"plan a video\" as video_planning","duration":0.7019999999999982,"failureMessages":[],"meta":{},"tags":[]},{"ancestorTitles":["Capability Engine separates planning from generation"],"fullName":"Capability Engine separates planning from generation classifies \"storyboard\" as video_planning","status":"passed","title":"classifies \"storyboard\" as video_planning","duration":1.2031000000000631,"failureMessages":[],"meta":{},"tags":[]},{"ancestorTitles":["Capability Engine separates planning from generation"],"fullName":"Capability Engine separates planning from generation classifies \"video script\" as video_planning","status":"passed","title":"classifies \"video script\" as video_planning","duration":0.8763999999999896,"failureMessages":[],"meta":{},"tags":[]},{"ancestorTitles":["Capability Engine separates planning from generation"],"fullName":"Capability Engine separates planning from generation classifies \"reel\" as video_planning","status":"passed","title":"classifies \"reel\" as video_planning","duration":0.6775000000000091,"failureMessages":[],"meta":{},"tags":[]},{"ancestorTitles":["Capability Engine separates planning from generation"],"fullName":"Capability Engine separates planning from generation classifies \"animation\" as video_planning","status":"passed","title":"classifies \"animation\" as video_planning","duration":0.6782000000000608,"failureMessages":[],"meta":{},"tags":[]},{"ancestorTitles":["Capability Engine separates planning from generation"],"fullName":"Capability Engine separates planning from generation video_planning and video_generation both have backend routes (both implemented)","status":"passed","title":"video_planning and video_generation both have backend routes (both implemented)","duration":0.5860999999999876,"failureMessages":[],"meta":{},"tags":[]},{"ancestorTitles":["Capability Engine separates planning from generation"],"fullName":"Capability Engine separates planning from generation video_planning and video_generation have different labels","status":"passed","title":"video_planning and video_generation have different labels","duration":0.5546000000000504,"failureMessages":[],"meta":{},"tags":[]},{"ancestorTitles":["Capability Engine separates planning from generation"],"fullName":"Capability Engine separates planning from generation video_generation requires supports_video_generation flag (not supports_video_planning)","status":"passed","title":"video_generation requires supports_video_generation flag (not supports_video_planning)","duration":0.8828999999999496,"failureMessages":[],"meta":{},"tags":[]},{"ancestorTitles":["Capability Engine separates planning from generation"],"fullName":"Capability Engine separates planning from generation video_planning requires only supports_video_planning (no chat fallback)","status":"passed","title":"video_planning requires only supports_video_planning (no chat fallback)","duration":0.5896999999999935,"failureMessages":[],"meta":{},"tags":[]},{"ancestorTitles":["Capability Engine separates planning from generation"],"fullName":"Capability Engine separates planning from generation detailed status shows both planning and generation have routes","status":"passed","title":"detailed status shows both planning and generation have routes","duration":1.308999999999969,"failureMessages":[],"meta":{},"tags":[]},{"ancestorTitles":["HF fallback catalog honesty"],"fullName":"HF fallback catalog honesty HF fallback catalog includes video_generation (HF has zeroscope and text-to-video models)","status":"passed","title":"HF fallback catalog includes video_generation (HF has zeroscope and text-to-video models)","duration":0.4317999999999529,"failureMessages":[],"meta":{},"tags":[]},{"ancestorTitles":["HF fallback catalog honesty"],"fullName":"HF fallback catalog honesty HF fallback catalog does NOT include video_planning","status":"passed","title":"HF fallback catalog does NOT include video_planning","duration":0.3261999999999716,"failureMessages":[],"meta":{},"tags":[]}],"startTime":1782306386803,"endTime":1782306386863.432,"status":"passed","message":"","name":"C:/amarktai-agent/Amarktai-Network-2/src/lib/__tests__/video-capability.test.ts"},{"assertionResults":[{"ancestorTitles":["/api/brain/video-generate/[jobId] artifact linkage"],"fullName":"/api/brain/video-generate/[jobId] artifact linkage persists a completed video job result as an artifact","status":"passed","title":"persists a completed video job result as an artifact","duration":491.7114999999999,"failureMessages":[],"meta":{},"tags":[]}],"startTime":1782306381126,"endTime":1782306381617.7114,"status":"passed","message":"","name":"C:/amarktai-agent/Amarktai-Network-2/src/lib/__tests__/video-job-artifact-link.test.ts"},{"assertionResults":[{"ancestorTitles":["STT Expansion"],"fullName":"STT Expansion has STT models across active providers","status":"passed","title":"has STT models across active providers","duration":5.387499999999932,"failureMessages":[],"meta":{},"tags":[]},{"ancestorTitles":["STT Expansion"],"fullName":"STT Expansion has Groq STT models","status":"passed","title":"has Groq STT models","duration":1.005200000000059,"failureMessages":[],"meta":{},"tags":[]},{"ancestorTitles":["STT Expansion"],"fullName":"STT Expansion has HuggingFace STT models","status":"passed","title":"has HuggingFace STT models","duration":0.6814000000000533,"failureMessages":[],"meta":{},"tags":[]},{"ancestorTitles":["STT Expansion"],"fullName":"STT Expansion STT models span active providers only","status":"passed","title":"STT models span active providers only","duration":2.884900000000016,"failureMessages":[],"meta":{},"tags":[]},{"ancestorTitles":["TTS Expansion"],"fullName":"TTS Expansion has TTS models across active providers","status":"passed","title":"has TTS models across active providers","duration":0.9175999999999931,"failureMessages":[],"meta":{},"tags":[]},{"ancestorTitles":["TTS Expansion"],"fullName":"TTS Expansion has Groq TTS models","status":"passed","title":"has Groq TTS models","duration":1.5448000000000093,"failureMessages":[],"meta":{},"tags":[]},{"ancestorTitles":["TTS Expansion"],"fullName":"TTS Expansion has HuggingFace TTS models","status":"passed","title":"has HuggingFace TTS models","duration":1.036100000000033,"failureMessages":[],"meta":{},"tags":[]},{"ancestorTitles":["TTS Expansion"],"fullName":"TTS Expansion TTS models span active providers only","status":"passed","title":"TTS models span active providers only","duration":1.3935000000000173,"failureMessages":[],"meta":{},"tags":[]},{"ancestorTitles":["Fallback Chain Depth"],"fullName":"Fallback Chain Depth STT fallback chain covers active providers","status":"passed","title":"STT fallback chain covers active providers","duration":1.8565999999999576,"failureMessages":[],"meta":{},"tags":[]},{"ancestorTitles":["Fallback Chain Depth"],"fullName":"Fallback Chain Depth TTS fallback chain covers active providers","status":"passed","title":"TTS fallback chain covers active providers","duration":1.0329999999999018,"failureMessages":[],"meta":{},"tags":[]},{"ancestorTitles":["Fallback Chain Depth"],"fullName":"Fallback Chain Depth Groq STT models have lowest fallback_priority (preferred)","status":"passed","title":"Groq STT models have lowest fallback_priority (preferred)","duration":1.2665000000000646,"failureMessages":[],"meta":{},"tags":[]},{"ancestorTitles":["Fallback Chain Depth"],"fullName":"Fallback Chain Depth HuggingFace voice models have highest fallback_priority (last resort)","status":"passed","title":"HuggingFace voice models have highest fallback_priority (last resort)","duration":1.9264000000000578,"failureMessages":[],"meta":{},"tags":[]},{"ancestorTitles":["Realtime Voice Truth"],"fullName":"Realtime Voice Truth realtime_voice has a backend route (session endpoint + WS service implemented)","status":"passed","title":"realtime_voice has a backend route (session endpoint + WS service implemented)","duration":1.0059000000001106,"failureMessages":[],"meta":{},"tags":[]},{"ancestorTitles":["Realtime Voice Truth"],"fullName":"Realtime Voice Truth realtime_voice is blocked when REALTIME_SERVICE_URL not set","status":"passed","title":"realtime_voice is blocked when REALTIME_SERVICE_URL not set","duration":1.5266000000000304,"failureMessages":[],"meta":{},"tags":[]},{"ancestorTitles":["Realtime Voice Truth"],"fullName":"Realtime Voice Truth realtime_voice classification patterns match via taskType","status":"passed","title":"realtime_voice classification patterns match via taskType","duration":5.495100000000093,"failureMessages":[],"meta":{},"tags":[]},{"ancestorTitles":["Realtime Voice Truth"],"fullName":"Realtime Voice Truth voice_input and voice_output ARE available (not blocked)","status":"passed","title":"voice_input and voice_output ARE available (not blocked)","duration":0.8530000000000655,"failureMessages":[],"meta":{},"tags":[]},{"ancestorTitles":["Provider Tier & Cost Accuracy"],"fullName":"Provider Tier & Cost Accuracy all Groq voice models are backbone tier with low cost","status":"passed","title":"all Groq voice models are backbone tier with low cost","duration":2.7922999999999547,"failureMessages":[],"meta":{},"tags":[]},{"ancestorTitles":["Provider Tier & Cost Accuracy"],"fullName":"Provider Tier & Cost Accuracy all HuggingFace voice models are free or very low cost","status":"passed","title":"all HuggingFace voice models are free or very low cost","duration":1.4663000000000466,"failureMessages":[],"meta":{},"tags":[]},{"ancestorTitles":["HF Fallback Catalog Depth"],"fullName":"HF Fallback Catalog Depth voice_input has HF fallback models in catalog","status":"passed","title":"voice_input has HF fallback models in catalog","duration":0.5899999999999181,"failureMessages":[],"meta":{},"tags":[]},{"ancestorTitles":["HF Fallback Catalog Depth"],"fullName":"HF Fallback Catalog Depth voice_output has HF fallback models in catalog","status":"passed","title":"voice_output has HF fallback models in catalog","duration":0.5719000000000278,"failureMessages":[],"meta":{},"tags":[]},{"ancestorTitles":["HF Fallback Catalog Depth"],"fullName":"HF Fallback Catalog Depth HF voice_input fallback includes whisper models","status":"passed","title":"HF voice_input fallback includes whisper models","duration":0.7223999999999933,"failureMessages":[],"meta":{},"tags":[]},{"ancestorTitles":["HF Fallback Catalog Depth"],"fullName":"HF Fallback Catalog Depth HF voice_output fallback includes mms-tts models","status":"passed","title":"HF voice_output fallback includes mms-tts models","duration":0.6916999999999689,"failureMessages":[],"meta":{},"tags":[]},{"ancestorTitles":["HF Fallback Catalog Depth"],"fullName":"HF Fallback Catalog Depth HF fallback resolution returns capability for voice_input","status":"passed","title":"HF fallback resolution returns capability for voice_input","duration":0.6340000000000146,"failureMessages":[],"meta":{},"tags":[]},{"ancestorTitles":["HF Fallback Catalog Depth"],"fullName":"HF Fallback Catalog Depth HF fallback resolution returns capability for voice_output","status":"passed","title":"HF fallback resolution returns capability for voice_output","duration":0.3951999999999316,"failureMessages":[],"meta":{},"tags":[]},{"ancestorTitles":["Capability Engine Voice Suggestions"],"fullName":"Capability Engine Voice Suggestions voice_input suggests active providers only","status":"passed","title":"voice_input suggests active providers only","duration":1.3104999999999336,"failureMessages":[],"meta":{},"tags":[]},{"ancestorTitles":["Capability Engine Voice Suggestions"],"fullName":"Capability Engine Voice Suggestions voice_output suggests active providers only","status":"passed","title":"voice_output suggests active providers only","duration":1.8673000000000002,"failureMessages":[],"meta":{},"tags":[]},{"ancestorTitles":["Capability Engine Voice Suggestions"],"fullName":"Capability Engine Voice Suggestions realtime_voice suggests genx only","status":"passed","title":"realtime_voice suggests genx only","duration":2.3100999999999203,"failureMessages":[],"meta":{},"tags":[]},{"ancestorTitles":["Total Voice Model Count"],"fullName":"Total Voice Model Count total voice models (STT + TTS) exist","status":"passed","title":"total voice models (STT + TTS) exist","duration":0.7103000000000748,"failureMessages":[],"meta":{},"tags":[]},{"ancestorTitles":["Total Voice Model Count"],"fullName":"Total Voice Model Count no duplicate voice model IDs within same provider","status":"passed","title":"no duplicate voice model IDs within same provider","duration":17.36869999999999,"failureMessages":[],"meta":{},"tags":[]}],"startTime":1782306387194,"endTime":1782306387259.3687,"status":"passed","message":"","name":"C:/amarktai-agent/Amarktai-Network-2/src/lib/__tests__/voice-expansion.test.ts"}]}
